[    1226ms] [LOG] %c JSHandle@node @ https://www.douyin.com/video/7638407920689909026:0
[    1757ms] [ERROR] The Content Security Policy directive 'upgrade-insecure-requests' is ignored when delivered in a report-only policy. @ https://www.douyin.com/video/7638407920689909026:0
[    1781ms] [LOG] init slardar @ https://www.douyin.com/video/7638407920689909026:21
[    1781ms] [LOG] init slardar success @ https://www.douyin.com/video/7638407920689909026:101
[    3788ms] [ERROR] Failed to load resource: net::ERR_SSL_PROTOCOL_ERROR @ https://mcs.zijieapi.com/webid?aid=6383&sdk_version=5.1.24_dy:0
[    4098ms] [ERROR] Failed to load resource: net::ERR_SSL_PROTOCOL_ERROR @ https://mon.zijieapi.com/monitor_web/settings/browser-settings?bid=douyin_web&store=1:0
[    4320ms] [ERROR] Failed to load resource: net::ERR_SSL_PROTOCOL_ERROR @ https://mon.zijieapi.com/monitor_browser/collect/batch/security/?bid=douyin_web:0
[    4345ms] [ERROR] Failed to load resource: net::ERR_SSL_PROTOCOL_ERROR @ https://mon.zijieapi.com/monitor_web/settings/browser-settings?bid=verify_center_cn&store=1:0
[    5267ms] [WARNING] [SDK] 1778566626478        0 already inited @ https://lf3-short.ibytedapm.com/slardar/fe/sdk-web/browser.cn.js?bid=douyin_web&globalName=Slardar:0
[    5290ms] [ERROR] Failed to load resource: net::ERR_SSL_PROTOCOL_ERROR @ https://mcs.zijieapi.com/webid?aid=3722&sdk_version=5.1.24_dy:0
[    6366ms] [ERROR] Failed to load resource: net::ERR_SSL_PROTOCOL_ERROR @ https://mcs.zijieapi.com/list:0
[    6418ms] [ERROR] The Content Security Policy directive 'upgrade-insecure-requests' is ignored when delivered in a report-only policy. @ https://lf-douyin-pc-web.douyinstatic.com/obj/douyin-pc-web/ies/douyin_web/player-9.5bce67d7.js:1
[    6419ms] [ERROR] The Content Security Policy directive 'upgrade-insecure-requests' is ignored when delivered in a report-only policy. @ https://lf-douyin-pc-web.douyinstatic.com/obj/douyin-pc-web/ies/douyin_web/player-9.5bce67d7.js:1
[    6428ms] [ERROR] The Content Security Policy directive 'upgrade-insecure-requests' is ignored when delivered in a report-only policy. @ https://lf-douyin-pc-web.douyinstatic.com/obj/douyin-pc-web/ies/douyin_web/player-9.5bce67d7.js:1
[    6658ms] [ERROR] The Content Security Policy directive 'upgrade-insecure-requests' is ignored when delivered in a report-only policy. @ https://lf-cdn-tos.bytescm.com/obj/rc-verifycenter/rmc-nocaptcha/1.0.0.17/setup.js:37
[    6870ms] [ERROR] Failed to load resource: net::ERR_SSL_PROTOCOL_ERROR @ https://mcs.zijieapi.com/list?aid=3722&sdk_version=5.1.24_dy:0
[    6903ms] [LOG] Service worker registration success @ https://www.douyin.com/video/7638407920689909026:944
[    7033ms] [ERROR] Failed to load resource: net::ERR_SSL_PROTOCOL_ERROR @ https://mcs.zijieapi.com/list?aid=3722&sdk_version=5.1.24_dy:0
[    7119ms] [ERROR] Failed to load resource: net::ERR_SSL_PROTOCOL_ERROR @ https://mcs.zijieapi.com/list?aid=6383&sdk_version=5.1.24_dy:0
[    7215ms] [ERROR] Failed to load resource: net::ERR_SSL_PROTOCOL_ERROR @ https://mcs.zijieapi.com/list?aid=6383&sdk_version=5.1.24_dy:0
[    7215ms] [ERROR] Failed to load resource: net::ERR_SSL_PROTOCOL_ERROR @ https://mcs.zijieapi.com/list?aid=6383&sdk_version=5.1.24_dy:0
[    7226ms] [ERROR] Failed to load resource: net::ERR_SSL_PROTOCOL_ERROR @ https://mcs.zijieapi.com/list?aid=6383&sdk_version=5.1.24_dy:0
[    7226ms] [ERROR] Failed to load resource: net::ERR_SSL_PROTOCOL_ERROR @ https://mcs.zijieapi.com/list?aid=6383&sdk_version=5.1.24_dy:0
[    7226ms] [ERROR] Failed to load resource: net::ERR_SSL_PROTOCOL_ERROR @ https://mcs.zijieapi.com/list?aid=6383&sdk_version=5.1.24_dy:0
[    7227ms] [ERROR] Failed to load resource: net::ERR_SSL_PROTOCOL_ERROR @ https://mcs.zijieapi.com/list?aid=6383&sdk_version=5.1.24_dy:0
[    7227ms] [ERROR] Failed to load resource: net::ERR_SSL_PROTOCOL_ERROR @ https://mcs.zijieapi.com/list?aid=6383&sdk_version=5.1.24_dy:0
[    7227ms] [ERROR] Failed to load resource: net::ERR_SSL_PROTOCOL_ERROR @ https://mcs.zijieapi.com/list?aid=6383&sdk_version=5.1.24_dy:0
[    7227ms] [ERROR] Failed to load resource: net::ERR_SSL_PROTOCOL_ERROR @ https://mcs.zijieapi.com/list?aid=6383&sdk_version=5.1.24_dy:0
[    7228ms] [ERROR] Failed to load resource: net::ERR_SSL_PROTOCOL_ERROR @ https://mcs.zijieapi.com/list?aid=6383&sdk_version=5.1.24_dy:0
[    7228ms] [ERROR] Failed to load resource: net::ERR_SSL_PROTOCOL_ERROR @ https://mcs.zijieapi.com/list?aid=6383&sdk_version=5.1.24_dy:0
[    7228ms] [ERROR] Failed to load resource: net::ERR_SSL_PROTOCOL_ERROR @ https://mcs.zijieapi.com/list?aid=6383&sdk_version=5.1.24_dy:0
[    7229ms] [ERROR] Failed to load resource: net::ERR_SSL_PROTOCOL_ERROR @ https://mcs.zijieapi.com/list?aid=6383&sdk_version=5.1.24_dy:0
[    7229ms] [ERROR] Failed to load resource: net::ERR_SSL_PROTOCOL_ERROR @ https://mcs.zijieapi.com/list?aid=6383&sdk_version=5.1.24_dy:0
[    7229ms] [ERROR] Failed to load resource: net::ERR_SSL_PROTOCOL_ERROR @ https://mcs.zijieapi.com/list?aid=6383&sdk_version=5.1.24_dy:0
[    7670ms] [ERROR] Failed to load resource: net::ERR_SSL_PROTOCOL_ERROR @ https://zz.bdstatic.com/linksubmit/push.js:0
[    7726ms] [ERROR] Failed to load resource: net::ERR_SSL_PROTOCOL_ERROR @ https://mcs.zijieapi.com/list?aid=6383&sdk_version=5.1.24_dy:0
[    7824ms] [ERROR] The Content Security Policy directive 'upgrade-insecure-requests' is ignored when delivered in a report-only policy. @ https://lf-rc1.yhgfb-cn-static.com/obj/rc-verifycenter/verifycenter/1.0.0.306/index.js:0
[    7826ms] [ERROR] The Content Security Policy directive 'upgrade-insecure-requests' is ignored when delivered in a report-only policy. @ https://lf-rc1.yhgfb-cn-static.com/obj/rc-verifycenter/verifycenter/1.0.0.306/index.js:0
[    7832ms] [LOG] bytedance://disable_swipe @ https://lf-rc1.yhgfb-cn-static.com/obj/rc-verifycenter/verifycenter/1.0.0.306/index.js:0
[    8087ms] [ERROR] Failed to load resource: net::ERR_SSL_PROTOCOL_ERROR @ https://mcs.zijieapi.com/list?aid=6383&sdk_version=5.1.24_dy:0
[    8136ms] [ERROR] Failed to load resource: net::ERR_SSL_PROTOCOL_ERROR @ https://mcs.zijieapi.com/webid:0
[    8143ms] [ERROR] Failed to load resource: net::ERR_SSL_PROTOCOL_ERROR @ https://mcs.zijieapi.com/list?aid=6383&sdk_version=5.1.24_dy:0
[    8169ms] [ERROR] Failed to load resource: net::ERR_SSL_PROTOCOL_ERROR @ https://mcs.zijieapi.com/list:0
[    8195ms] [ERROR] Failed to load resource: net::ERR_SSL_PROTOCOL_ERROR @ https://mcs.zijieapi.com/list:0
[    8195ms] [ERROR] Failed to load resource: net::ERR_SSL_PROTOCOL_ERROR @ https://mcs.zijieapi.com/list:0
[    8307ms] [ERROR] Failed to load resource: net::ERR_SSL_PROTOCOL_ERROR @ https://mon.zijieapi.com/monitor_web/settings/browser-settings?bid=rmc_verifycenter&store=1:0
[    8320ms] [ERROR] Failed to load resource: net::ERR_SSL_PROTOCOL_ERROR @ https://mcs.zijieapi.com/webid?aid=7497&sdk_version=5.1.24_dy:0
[    8508ms] [ERROR] Failed to load resource: net::ERR_SSL_PROTOCOL_ERROR @ https://mon.zijieapi.com/monitor_browser/collect/batch/security/?bid=douyin_web:0
[    8508ms] [ERROR] Failed to load resource: net::ERR_SSL_PROTOCOL_ERROR @ https://mcs.zijieapi.com/list?aid=7497&sdk_version=5.1.24_dy:0
[    8509ms] [ERROR] Failed to load resource: net::ERR_SSL_PROTOCOL_ERROR @ https://mcs.zijieapi.com/list?aid=7497&sdk_version=5.1.24_dy:0
[    8720ms] [ERROR] Failed to load resource: net::ERR_SSL_PROTOCOL_ERROR @ https://mcs.zijieapi.com/list?aid=6383&sdk_version=5.1.24_dy:0
[    8790ms] [LOG] /./ @ https://lf-rc1.yhgfb-cn-static.com/obj/rc-verifycenter/rmc-captcha/1.0.0.759/captcha.js:0
[    8803ms] [LOG] JSHandle@node @ https://lf-rc1.yhgfb-cn-static.com/obj/rc-verifycenter/rmc-captcha/1.0.0.759/captcha.js:0
[    8803ms] [LOG] Tue May 12 2026 14:17:10 GMT+0800 (中国标准时间) @ https://lf-rc1.yhgfb-cn-static.com/obj/rc-verifycenter/rmc-captcha/1.0.0.759/captcha.js:0
[    8805ms] [LOG] function(){return Fy(n,i,this,arguments,0,e)} @ https://lf-rc1.yhgfb-cn-static.com/obj/rc-verifycenter/rmc-captcha/1.0.0.759/captcha.js:0
[    8831ms] [ERROR] The Content Security Policy directive 'upgrade-insecure-requests' is ignored when delivered in a report-only policy. @ https://lf-douyin-pc-web.douyinstatic.com/obj/douyin-pc-web/ies/douyin_web/async/81708.1a4fea9d.js:1
[    8806ms] [TABLE] [Object, Object, Object, Object, Object, Object, Object, Object, Object, Object, Object, Object, Object, Object, Object, Object, Object, Object, Object, Object, Object, Object, Object, Object, Object, Object, Object, Object, Object, Object, Object, Object, Object, Object, Object, Object, Object, Object, Object, Object, Object, Object, Object, Object, Object, Object, Object, Object, Object, Object] @ https://lf-rc1.yhgfb-cn-static.com/obj/rc-verifycenter/rmc-captcha/1.0.0.759/captcha.js:0
[    8918ms] [LOG] [Object, Object, Object, Object, Object, Object, Object, Object, Object, Object, Object, Object, Object, Object, Object, Object, Object, Object, Object, Object, Object, Object, Object, Object, Object, Object, Object, Object, Object, Object, Object, Object, Object, Object, Object, Object, Object, Object, Object, Object, Object, Object, Object, Object, Object, Object, Object, Object, Object, Object] @ https://lf-rc1.yhgfb-cn-static.com/obj/rc-verifycenter/rmc-captcha/1.0.0.759/captcha.js:0
[    9081ms] [ERROR] Failed to load resource: net::ERR_SSL_PROTOCOL_ERROR @ https://mon.zijieapi.com/monitor_web/settings/browser-settings?bid=verify_center_cn&store=1:0
[    9089ms] [ERROR] Failed to launch 'bitbrowser://cc/' because the scheme does not have a registered handler. @ https://www.douyin.com/video/7638407920689909026:0
[    9212ms] [ERROR] Failed to load resource: net::ERR_SSL_PROTOCOL_ERROR @ https://mcs.zijieapi.com/list:0
[    9224ms] [ERROR] Failed to load resource: net::ERR_SSL_PROTOCOL_ERROR @ https://mssdk.bytedance.com/web/r/token?ms_appid=6383:0
[    9226ms] [ERROR] Failed to load resource: net::ERR_SSL_PROTOCOL_ERROR @ https://mcs.zijieapi.com/list?aid=6383&sdk_version=5.1.24_dy:0
[    9374ms] [ERROR] The Content Security Policy directive 'upgrade-insecure-requests' is ignored when delivered in a report-only policy. @ https://lf-douyin-pc-web.douyinstatic.com/obj/douyin-pc-web/ies/douyin_web/7528.db2dc206.js:1
[    9376ms] [ERROR] The Content Security Policy directive 'upgrade-insecure-requests' is ignored when delivered in a report-only policy. @ https://lf-douyin-pc-web.douyinstatic.com/obj/douyin-pc-web/ies/douyin_web/7528.db2dc206.js:1
[    9384ms] [ERROR] The Content Security Policy directive 'upgrade-insecure-requests' is ignored when delivered in a report-only policy. @ https://lf-douyin-pc-web.douyinstatic.com/obj/douyin-pc-web/ies/douyin_web/7528.db2dc206.js:1
[    9723ms] [ERROR] Failed to load resource: net::ERR_SSL_PROTOCOL_ERROR @ https://mon.zijieapi.com/monitor_web/settings/browser-settings?bid=uc_secure_sdk&store=1:0
[    9725ms] [ERROR] The Content Security Policy directive 'upgrade-insecure-requests' is ignored when delivered in a report-only policy. @ https://lf-douyin-pc-web.douyinstatic.com/obj/douyin-pc-web/ies/douyin_web/async/5498.f04a4d15.js:1
[    9726ms] [ERROR] Failed to load resource: net::ERR_SSL_PROTOCOL_ERROR @ https://mcs.zijieapi.com/list:0
[    9747ms] [ERROR] Failed to load resource: net::ERR_SSL_PROTOCOL_ERROR @ https://mcs.zijieapi.com/list?aid=6383&sdk_version=5.1.24_dy:0
[    9748ms] [ERROR] Failed to load resource: net::ERR_SSL_PROTOCOL_ERROR @ https://mcs.zijieapi.com/list:0
[   10122ms] [ERROR] Failed to load resource: net::ERR_SSL_PROTOCOL_ERROR @ https://mon.zijieapi.com/monitor_web/settings/browser-settings?bid=douyin_login_new&store=1:0
[   10273ms] [ERROR] Failed to load resource: net::ERR_SSL_PROTOCOL_ERROR @ https://mcs.zijieapi.com/list?aid=6383&sdk_version=5.1.24_dy:0
[   10293ms] [ERROR] Failed to load resource: net::ERR_SSL_PROTOCOL_ERROR @ https://mcs.zijieapi.com/list:0
[   10302ms] [ERROR] Failed to load resource: net::ERR_SSL_PROTOCOL_ERROR @ https://mcs.zijieapi.com/list:0
[   10390ms] [ERROR] Failed to load resource: net::ERR_SSL_PROTOCOL_ERROR @ https://mssdk.bytedance.com/web/r/token?ms_appid=2385:0
[   10696ms] [ERROR] The Content Security Policy directive 'upgrade-insecure-requests' is ignored when delivered in a report-only policy. @ https://lf-douyin-pc-web.douyinstatic.com/obj/douyin-pc-web/ies/douyin_web/async/81708.1a4fea9d.js:1
[   10698ms] [ERROR] The Content Security Policy directive 'upgrade-insecure-requests' is ignored when delivered in a report-only policy. @ https://lf-douyin-pc-web.douyinstatic.com/obj/douyin-pc-web/ies/douyin_web/async/81708.1a4fea9d.js:1
[   10705ms] [ERROR] The Content Security Policy directive 'upgrade-insecure-requests' is ignored when delivered in a report-only policy. @ https://lf-douyin-pc-web.douyinstatic.com/obj/douyin-pc-web/ies/douyin_web/async/81708.1a4fea9d.js:1
[   10950ms] [ERROR] Failed to load resource: net::ERR_SSL_PROTOCOL_ERROR @ https://mcs.zijieapi.com/list?aid=6383&sdk_version=5.1.24_dy:0
[   10969ms] [ERROR] Failed to load resource: net::ERR_SSL_PROTOCOL_ERROR @ https://mcs.zijieapi.com/list:0
[   11063ms] [ERROR] Failed to load resource: net::ERR_SSL_PROTOCOL_ERROR @ https://mon.zijieapi.com/monitor_browser/collect/batch/security/?bid=douyin_web:0
[   11121ms] [ERROR] Failed to load resource: net::ERR_SSL_PROTOCOL_ERROR @ https://mcs.zijieapi.com/list:0
[   11320ms] [ERROR] Failed to load resource: net::ERR_SSL_PROTOCOL_ERROR @ https://mcs.zijieapi.com/list:0
[   11388ms] [ERROR] Failed to load resource: net::ERR_SSL_PROTOCOL_ERROR @ https://mcs.zijieapi.com/list?aid=6383&sdk_version=5.1.24_dy:0
[   11616ms] [ERROR] The Content Security Policy directive 'upgrade-insecure-requests' is ignored when delivered in a report-only policy. @ :2
[   11618ms] [ERROR] The Content Security Policy directive 'upgrade-insecure-requests' is ignored when delivered in a report-only policy. @ :2
[   11624ms] [ERROR] The Content Security Policy directive 'upgrade-insecure-requests' is ignored when delivered in a report-only policy. @ :2
[   11821ms] [LOG] [c0] @ :2
[   11881ms] [ERROR] Failed to load resource: net::ERR_SSL_PROTOCOL_ERROR @ https://mcs.zijieapi.com/list?aid=6383&sdk_version=5.1.24_dy:0
[   12238ms] [ERROR] Failed to load resource: net::ERR_SSL_PROTOCOL_ERROR @ https://mcs.zijieapi.com/list?aid=6383&sdk_version=5.1.24_dy:0
[   12921ms] [ERROR] Failed to load resource: net::ERR_SSL_PROTOCOL_ERROR @ https://mssdk.bytedance.com/web/r/token?ms_appid=6383:0
[   12991ms] [ERROR] Failed to load resource: net::ERR_SSL_PROTOCOL_ERROR @ https://mcs.zijieapi.com/list?aid=6383&sdk_version=5.1.24_dy:0
[   13038ms] [ERROR] Failed to load resource: net::ERR_SSL_PROTOCOL_ERROR @ https://mcs.zijieapi.com/list?aid=6383&sdk_version=5.1.24_dy:0
[   13169ms] [ERROR] Failed to load resource: net::ERR_SSL_PROTOCOL_ERROR @ https://mon.zijieapi.com/monitor_browser/collect/batch/security/?bid=douyin_web:0
[   13366ms] [ERROR] Failed to load resource: net::ERR_SSL_PROTOCOL_ERROR @ https://mssdk.bytedance.com/web/common?ms_appid=2385:0
[   13418ms] [ERROR] The Content Security Policy directive 'upgrade-insecure-requests' is ignored when delivered in a report-only policy. @ https://www.douyin.com/jingxuan?previous_page=web_video_404_link:0
[   13454ms] [LOG] init slardar @ https://www.douyin.com/jingxuan?previous_page=web_video_404_link:21
[   13454ms] [LOG] init slardar success @ https://www.douyin.com/jingxuan?previous_page=web_video_404_link:101
