[     332ms] [LOG] %c JSHandle@node @ https://www.douyin.com/video/7637573042922907569:0
[    1161ms] [ERROR] The Content Security Policy directive 'upgrade-insecure-requests' is ignored when delivered in a report-only policy. @ https://www.douyin.com/video/7637573042922907569:0
[    1168ms] [LOG] init slardar @ https://www.douyin.com/video/7637573042922907569:21
[    1169ms] [LOG] init slardar success @ https://www.douyin.com/video/7637573042922907569:101
[    1380ms] [ERROR] Failed to load resource: net::ERR_SSL_PROTOCOL_ERROR @ https://mon.zijieapi.com/monitor_web/settings/browser-settings?bid=douyin_web&store=1:0
[    2487ms] [ERROR] Failed to load resource: net::ERR_SSL_PROTOCOL_ERROR @ https://mcs.zijieapi.com/webid?aid=6383&sdk_version=5.1.24_dy:0
[    2733ms] [ERROR] Failed to load resource: net::ERR_SSL_PROTOCOL_ERROR @ https://mon.zijieapi.com/monitor_web/settings/browser-settings?bid=verify_center_cn&store=1:0
[    3346ms] [WARNING] [SDK] 1778521556028        0 already inited @ https://lf3-short.ibytedapm.com/slardar/fe/sdk-web/browser.cn.js?bid=douyin_web&globalName=Slardar:0
[    3366ms] [ERROR] Failed to load resource: net::ERR_SSL_PROTOCOL_ERROR @ https://mcs.zijieapi.com/webid?aid=3722&sdk_version=5.1.24_dy:0
[    3785ms] [ERROR] The Content Security Policy directive 'upgrade-insecure-requests' is ignored when delivered in a report-only policy. @ https://lf-cdn-tos.bytescm.com/obj/rc-verifycenter/rmc-nocaptcha/1.0.0.17/setup.js:37
[    3795ms] [ERROR] Failed to load resource: net::ERR_SSL_PROTOCOL_ERROR @ https://mon.zijieapi.com/monitor_browser/collect/batch/security/?bid=douyin_web:0
[    4023ms] [ERROR] Failed to load resource: net::ERR_SSL_PROTOCOL_ERROR @ https://mcs.zijieapi.com/list:0
[    4197ms] [ERROR] The Content Security Policy directive 'upgrade-insecure-requests' is ignored when delivered in a report-only policy. @ https://lf-douyin-pc-web.douyinstatic.com/obj/douyin-pc-web/ies/douyin_web/player-9.5bce67d7.js:1
[    4198ms] [ERROR] The Content Security Policy directive 'upgrade-insecure-requests' is ignored when delivered in a report-only policy. @ https://lf-douyin-pc-web.douyinstatic.com/obj/douyin-pc-web/ies/douyin_web/player-9.5bce67d7.js:1
[    4205ms] [ERROR] The Content Security Policy directive 'upgrade-insecure-requests' is ignored when delivered in a report-only policy. @ https://lf-douyin-pc-web.douyinstatic.com/obj/douyin-pc-web/ies/douyin_web/player-9.5bce67d7.js:1
[    4232ms] [ERROR] Failed to load resource: net::ERR_SSL_PROTOCOL_ERROR @ https://mcs.zijieapi.com/list?aid=3722&sdk_version=5.1.24_dy:0
[    4369ms] [ERROR] Failed to load resource: net::ERR_SSL_PROTOCOL_ERROR @ https://mcs.zijieapi.com/list?aid=3722&sdk_version=5.1.24_dy:0
[    4428ms] [ERROR] Failed to load resource: net::ERR_SSL_PROTOCOL_ERROR @ https://mcs.zijieapi.com/list?aid=6383&sdk_version=5.1.24_dy:0
[    4502ms] [ERROR] Failed to load resource: net::ERR_SSL_PROTOCOL_ERROR @ https://mcs.zijieapi.com/list?aid=6383&sdk_version=5.1.24_dy:0
[    4503ms] [ERROR] Failed to load resource: net::ERR_SSL_PROTOCOL_ERROR @ https://mcs.zijieapi.com/list?aid=6383&sdk_version=5.1.24_dy:0
[    4504ms] [ERROR] Failed to load resource: net::ERR_SSL_PROTOCOL_ERROR @ https://mcs.zijieapi.com/list?aid=6383&sdk_version=5.1.24_dy:0
[    4504ms] [ERROR] Failed to load resource: net::ERR_SSL_PROTOCOL_ERROR @ https://mcs.zijieapi.com/list?aid=6383&sdk_version=5.1.24_dy:0
[    4504ms] [ERROR] Failed to load resource: net::ERR_SSL_PROTOCOL_ERROR @ https://mcs.zijieapi.com/list?aid=6383&sdk_version=5.1.24_dy:0
[    4505ms] [ERROR] Failed to load resource: net::ERR_SSL_PROTOCOL_ERROR @ https://mcs.zijieapi.com/list?aid=6383&sdk_version=5.1.24_dy:0
[    4505ms] [ERROR] Failed to load resource: net::ERR_SSL_PROTOCOL_ERROR @ https://mcs.zijieapi.com/list?aid=6383&sdk_version=5.1.24_dy:0
[    4505ms] [ERROR] Failed to load resource: net::ERR_SSL_PROTOCOL_ERROR @ https://mcs.zijieapi.com/list?aid=6383&sdk_version=5.1.24_dy:0
[    4505ms] [ERROR] Failed to load resource: net::ERR_SSL_PROTOCOL_ERROR @ https://mcs.zijieapi.com/list?aid=6383&sdk_version=5.1.24_dy:0
[    4506ms] [ERROR] Failed to load resource: net::ERR_SSL_PROTOCOL_ERROR @ https://mcs.zijieapi.com/list?aid=6383&sdk_version=5.1.24_dy:0
[    4506ms] [ERROR] Failed to load resource: net::ERR_SSL_PROTOCOL_ERROR @ https://mcs.zijieapi.com/list?aid=6383&sdk_version=5.1.24_dy:0
[    4506ms] [ERROR] Failed to load resource: net::ERR_SSL_PROTOCOL_ERROR @ https://mcs.zijieapi.com/list?aid=6383&sdk_version=5.1.24_dy:0
[    4506ms] [ERROR] Failed to load resource: net::ERR_SSL_PROTOCOL_ERROR @ https://mcs.zijieapi.com/list?aid=6383&sdk_version=5.1.24_dy:0
[    4506ms] [ERROR] Failed to load resource: net::ERR_SSL_PROTOCOL_ERROR @ https://mcs.zijieapi.com/list?aid=6383&sdk_version=5.1.24_dy:0
[    4506ms] [ERROR] Failed to load resource: net::ERR_SSL_PROTOCOL_ERROR @ https://mcs.zijieapi.com/list?aid=6383&sdk_version=5.1.24_dy:0
[    4507ms] [ERROR] Failed to load resource: net::ERR_SSL_PROTOCOL_ERROR @ https://mcs.zijieapi.com/list?aid=6383&sdk_version=5.1.24_dy:0
[    5500ms] [WARNING] %c[xgplayer] color: #525252; background-color: yellow;  warn>>icons.[object Object] in config of plugin named [texttrack] is invalid @ https://lf-douyin-pc-web.douyinstatic.com/obj/douyin-pc-web/ies/douyin_web/22373.e5335cbb.js:1
[    5501ms] [WARNING] %c[xgplayer] color: #525252; background-color: yellow;  warn>>icons.[object Object] in config of plugin named [texttrack] is invalid @ https://lf-douyin-pc-web.douyinstatic.com/obj/douyin-pc-web/ies/douyin_web/22373.e5335cbb.js:1
[    5588ms] [ERROR] Failed to load resource: net::ERR_SSL_PROTOCOL_ERROR @ https://zz.bdstatic.com/linksubmit/push.js:0
[    5630ms] [ERROR] The Content Security Policy directive 'upgrade-insecure-requests' is ignored when delivered in a report-only policy. @ https://lf-douyin-pc-web.douyinstatic.com/obj/douyin-pc-web/ies/douyin_web/async/81708.1a4fea9d.js:1
[    5689ms] [ERROR] Failed to load resource: net::ERR_SSL_PROTOCOL_ERROR @ https://mcs.zijieapi.com/webid:0
[    5946ms] [ERROR] Failed to load resource: net::ERR_SSL_PROTOCOL_ERROR @ https://mon.zijieapi.com/monitor_web/settings/browser-settings?bid=verify_center_cn&store=1:0
[    5953ms] [ERROR] Failed to launch 'bitbrowser://cc/' because the scheme does not have a registered handler. @ https://www.douyin.com/video/7637573042922907569:0
[    6013ms] [ERROR] Failed to load resource: net::ERR_SSL_PROTOCOL_ERROR @ https://mcs.zijieapi.com/webid:0
[    6049ms] [WARNING] %c[xgplayer] color: #525252; background-color: yellow;  >>>>playPromise.catch NotAllowedError @ https://lf-douyin-pc-web.douyinstatic.com/obj/douyin-pc-web/ies/douyin_web/libs/pre-build-xgplayer.6a3ae0d0.js:0
[    6145ms] [ERROR] Failed to load resource: net::ERR_SSL_PROTOCOL_ERROR @ https://mon.zijieapi.com/monitor_web/settings/browser-settings?bid=uc_secure_sdk&store=1:0
[    6146ms] [ERROR] The Content Security Policy directive 'upgrade-insecure-requests' is ignored when delivered in a report-only policy. @ https://lf-douyin-pc-web.douyinstatic.com/obj/douyin-pc-web/ies/douyin_web/async/5498.f04a4d15.js:1
[    6149ms] [ERROR] Failed to load resource: net::ERR_SSL_PROTOCOL_ERROR @ https://mcs.zijieapi.com/list?aid=6383&sdk_version=5.1.24_dy:0
[    6150ms] [ERROR] Failed to load resource: net::ERR_SSL_PROTOCOL_ERROR @ https://mcs.zijieapi.com/list:0
[    6566ms] [ERROR] Failed to load resource: net::ERR_SSL_PROTOCOL_ERROR @ https://mcs.zijieapi.com/list?aid=6383&sdk_version=5.1.24_dy:0
[    6567ms] [ERROR] Failed to load resource: net::ERR_SSL_PROTOCOL_ERROR @ https://mssdk.bytedance.com/web/r/token?ms_appid=6383:0
[    6567ms] [ERROR] Failed to load resource: net::ERR_SSL_PROTOCOL_ERROR @ https://mon.zijieapi.com/monitor_browser/collect/batch/security/?bid=douyin_web:0
[    6916ms] [ERROR] Failed to load resource: net::ERR_SSL_PROTOCOL_ERROR @ https://mcs.zijieapi.com/list:0
[    7177ms] [ERROR] Failed to load resource: net::ERR_SSL_PROTOCOL_ERROR @ https://mcs.zijieapi.com/list:0
[    7177ms] [ERROR] Failed to load resource: net::ERR_SSL_PROTOCOL_ERROR @ https://mcs.zijieapi.com/list?aid=6383&sdk_version=5.1.24_dy:0
[    7511ms] [ERROR] Failed to load resource: net::ERR_SSL_PROTOCOL_ERROR @ https://mcs.zijieapi.com/list?aid=6383&sdk_version=5.1.24_dy:0
[    7689ms] [ERROR] Failed to load resource: net::ERR_SSL_PROTOCOL_ERROR @ https://mcs.zijieapi.com/list:0
[    7748ms] [ERROR] Failed to load resource: net::ERR_SSL_PROTOCOL_ERROR @ https://mcs.zijieapi.com/list?aid=6383&sdk_version=5.1.24_dy:0
[    8148ms] [ERROR] Failed to load resource: net::ERR_SSL_PROTOCOL_ERROR @ https://mon.zijieapi.com/monitor_web/settings/browser-settings?bid=douyin_login_new&store=1:0
[    8235ms] [ERROR] Failed to load resource: net::ERR_SSL_PROTOCOL_ERROR @ https://mcs.zijieapi.com/list?aid=6383&sdk_version=5.1.24_dy:0
[    8592ms] [ERROR] The Content Security Policy directive 'upgrade-insecure-requests' is ignored when delivered in a report-only policy. @ https://lf-douyin-pc-web.douyinstatic.com/obj/douyin-pc-web/ies/douyin_web/async/81708.1a4fea9d.js:1
[    8594ms] [ERROR] The Content Security Policy directive 'upgrade-insecure-requests' is ignored when delivered in a report-only policy. @ https://lf-douyin-pc-web.douyinstatic.com/obj/douyin-pc-web/ies/douyin_web/async/81708.1a4fea9d.js:1
[    8600ms] [ERROR] The Content Security Policy directive 'upgrade-insecure-requests' is ignored when delivered in a report-only policy. @ https://lf-douyin-pc-web.douyinstatic.com/obj/douyin-pc-web/ies/douyin_web/async/81708.1a4fea9d.js:1
[    8809ms] [ERROR] Failed to load resource: net::ERR_SSL_PROTOCOL_ERROR @ https://mcs.zijieapi.com/list?aid=6383&sdk_version=5.1.24_dy:0
[    8865ms] [LOG] [ Federation Runtime ] Version 18.3.0-canary-587ae49d7-20230720 from @demo/douyin-web of shared singleton module react does not satisfy the requirement of @revenue-wallet-fe/recharge-web which needs ^18.3.1) @ https://lf3-webcast.bytetos.com/obj/webcast-new/recharge_web_vmok/vmok-remote-entry.9a192be8.js:3
[    8866ms] [LOG] [ Federation Runtime ] Version 18.3.0-canary-587ae49d7-20230720 from @demo/douyin-web of shared singleton module react-dom does not satisfy the requirement of @revenue-wallet-fe/recharge-web which needs ^18.3.1) @ https://lf3-webcast.bytetos.com/obj/webcast-new/recharge_web_vmok/vmok-remote-entry.9a192be8.js:3
[    8897ms] [WARNING] Cannot assign to read only property 'call' of object '#<Object>' @ https://lf3-webcast.bytetos.com/obj/webcast-new/recharge_web_vmok/static/js/async/__federation_expose_data.783d5811.js:1
[    8906ms] [LOG] getRechargePackages requestParams {path: /webcast/diamond/, queryParams: Object} @ https://lf3-webcast.bytetos.com/obj/webcast-new/recharge_web_vmok/static/js/async/__federation_expose_data.783d5811.js:1
[    9159ms] [LOG] [prefetch] packageData [local]:  {packages: Array(7), extra: Object} @ https://lf3-webcast.bytetos.com/obj/webcast-new/recharge_web_vmok/static/js/async/__federation_expose_data.783d5811.js:1
[    9209ms] [ERROR] Failed to load resource: net::ERR_SSL_PROTOCOL_ERROR @ https://mcs.zijieapi.com/list?aid=6383&sdk_version=5.1.24_dy:0
[    9563ms] [ERROR] The Content Security Policy directive 'upgrade-insecure-requests' is ignored when delivered in a report-only policy. @ :2
[    9565ms] [ERROR] The Content Security Policy directive 'upgrade-insecure-requests' is ignored when delivered in a report-only policy. @ :2
[    9572ms] [ERROR] The Content Security Policy directive 'upgrade-insecure-requests' is ignored when delivered in a report-only policy. @ :2
[    9605ms] [ERROR] Failed to load resource: net::ERR_SSL_PROTOCOL_ERROR @ https://mcs.zijieapi.com/webid?aid=7497&sdk_version=5.1.24_dy:0
[    9686ms] [ERROR] Failed to load resource: net::ERR_SSL_PROTOCOL_ERROR @ https://mcs.zijieapi.com/list?aid=7497&sdk_version=5.1.24_dy:0
[    9702ms] [ERROR] Failed to load resource: net::ERR_SSL_PROTOCOL_ERROR @ https://mcs.zijieapi.com/list:0
[    9702ms] [ERROR] Failed to load resource: net::ERR_SSL_PROTOCOL_ERROR @ https://mcs.zijieapi.com/list?aid=7497&sdk_version=5.1.24_dy:0
[    9775ms] [LOG] [c0] @ :2
[    9797ms] [ERROR] Failed to load resource: net::ERR_SSL_PROTOCOL_ERROR @ https://mcs.zijieapi.com/list?aid=6383&sdk_version=5.1.24_dy:0
[    9840ms] [ERROR] The Content Security Policy directive 'upgrade-insecure-requests' is ignored when delivered in a report-only policy. @ https://lf-douyin-pc-web.douyinstatic.com/obj/douyin-pc-web/ies/douyin_web/7528.db2dc206.js:1
[    9841ms] [ERROR] The Content Security Policy directive 'upgrade-insecure-requests' is ignored when delivered in a report-only policy. @ https://lf-douyin-pc-web.douyinstatic.com/obj/douyin-pc-web/ies/douyin_web/7528.db2dc206.js:1
[    9845ms] [ERROR] The Content Security Policy directive 'upgrade-insecure-requests' is ignored when delivered in a report-only policy. @ https://lf-douyin-pc-web.douyinstatic.com/obj/douyin-pc-web/ies/douyin_web/7528.db2dc206.js:1
[    9907ms] [ERROR] Failed to load resource: net::ERR_SSL_PROTOCOL_ERROR @ https://mcs.zijieapi.com/list?aid=6383&sdk_version=5.1.24_dy:0
[   10196ms] [ERROR] Failed to load resource: net::ERR_SSL_PROTOCOL_ERROR @ https://mon.zijieapi.com/monitor_browser/collect/batch/security/?bid=douyin_web:0
[   10225ms] [ERROR] Failed to load resource: net::ERR_SSL_PROTOCOL_ERROR @ https://mcs.zijieapi.com/list?aid=6383&sdk_version=5.1.24_dy:0
[   10273ms] [ERROR] Failed to load resource: net::ERR_SSL_PROTOCOL_ERROR @ https://mcs.zijieapi.com/list?aid=6383&sdk_version=5.1.24_dy:0
[   11336ms] [WARNING] WARNING: Too many active WebGL contexts. Oldest context will be lost. @ https://p-pc-weboff.byteimg.com/tos-cn-i-9r5gewecjs/bdms_1.0.1.19_fix.js:1
[   11426ms] [ERROR] Failed to load resource: net::ERR_SSL_PROTOCOL_ERROR @ https://mssdk.bytedance.com/web/r/token?ms_appid=6383:0
[   12228ms] [ERROR] Failed to load resource: net::ERR_SSL_PROTOCOL_ERROR @ https://mon.zijieapi.com/monitor_browser/collect/batch/security/?bid=douyin_web:0
[   12311ms] [ERROR] Failed to load resource: net::ERR_SSL_PROTOCOL_ERROR @ https://mcs.zijieapi.com/list?aid=6383&sdk_version=5.1.24_dy:0
[   14559ms] [ERROR] Failed to load resource: net::ERR_SSL_PROTOCOL_ERROR @ https://mcs.zijieapi.com/list?aid=6383&sdk_version=5.1.24_dy:0
[   14560ms] [ERROR] Failed to load resource: net::ERR_SSL_PROTOCOL_ERROR @ https://mcs.zijieapi.com/list?aid=3722&sdk_version=5.1.24_dy:0
[   14889ms] [ERROR] Failed to load resource: net::ERR_SSL_PROTOCOL_ERROR @ https://mcs.zijieapi.com/list?aid=6383&sdk_version=5.1.24_dy:0
[   14891ms] [ERROR] Failed to load resource: net::ERR_SSL_PROTOCOL_ERROR @ https://mcs.zijieapi.com/list?aid=3722&sdk_version=5.1.24_dy:0
[   15966ms] [ERROR] Failed to load resource: net::ERR_SSL_PROTOCOL_ERROR @ https://mcs.zijieapi.com/list?aid=6383&sdk_version=5.1.24_dy:0
[   15967ms] [ERROR] Failed to load resource: net::ERR_SSL_PROTOCOL_ERROR @ https://mcs.zijieapi.com/list?aid=3722&sdk_version=5.1.24_dy:0
[   16673ms] [ERROR] Failed to load resource: net::ERR_SSL_PROTOCOL_ERROR @ https://mcs.zijieapi.com/list?aid=6383&sdk_version=5.1.24_dy:0
[   16673ms] [ERROR] Failed to load resource: net::ERR_SSL_PROTOCOL_ERROR @ https://mcs.zijieapi.com/list?aid=3722&sdk_version=5.1.24_dy:0
[   19993ms] [ERROR] Failed to load resource: net::ERR_SSL_PROTOCOL_ERROR @ https://mssdk.bytedance.com/web/common?ms_appid=6383:0
[   21026ms] [ERROR] Failed to load resource: net::ERR_SSL_PROTOCOL_ERROR @ https://mcs.zijieapi.com/list?aid=6383&sdk_version=5.1.24_dy:0
[   24012ms] [ERROR] Failed to load resource: net::ERR_SSL_PROTOCOL_ERROR @ https://mcs.zijieapi.com/list?aid=6383&sdk_version=5.1.24_dy:0
[   24195ms] [ERROR] Failed to load resource: net::ERR_SSL_PROTOCOL_ERROR @ https://mcs.zijieapi.com/list?aid=6383&sdk_version=5.1.24_dy:0
