[     311ms] [LOG] %c JSHandle@node @ https://www.douyin.com/video/7637946752192457334:0
[    1055ms] [ERROR] The Content Security Policy directive 'upgrade-insecure-requests' is ignored when delivered in a report-only policy. @ https://www.douyin.com/video/7637946752192457334:0
[    1067ms] [LOG] init slardar @ https://www.douyin.com/video/7637946752192457334:21
[    1067ms] [LOG] init slardar success @ https://www.douyin.com/video/7637946752192457334:101
[    1437ms] [ERROR] Failed to load resource: net::ERR_SSL_PROTOCOL_ERROR @ https://mon.zijieapi.com/monitor_web/settings/browser-settings?bid=douyin_web&store=1:0
[    3081ms] [ERROR] Failed to load resource: net::ERR_SSL_PROTOCOL_ERROR @ https://mcs.zijieapi.com/webid?aid=6383&sdk_version=5.1.24_dy:0
[    3093ms] [ERROR] Failed to load resource: net::ERR_SSL_PROTOCOL_ERROR @ https://mon.zijieapi.com/monitor_browser/collect/batch/?biz_id=web_bdms_cn:0
[    3428ms] [ERROR] Failed to load resource: net::ERR_SSL_PROTOCOL_ERROR @ https://mon.zijieapi.com/monitor_browser/collect/batch/security/?bid=douyin_web:0
[    3431ms] [ERROR] Failed to load resource: net::ERR_SSL_PROTOCOL_ERROR @ https://mon.zijieapi.com/monitor_web/settings/browser-settings?bid=verify_center_cn&store=1:0
[    3766ms] [WARNING] [SDK] 1778521776948        0 already inited @ https://lf3-short.ibytedapm.com/slardar/fe/sdk-web/browser.cn.js?bid=douyin_web&globalName=Slardar:0
[    3782ms] [ERROR] Failed to load resource: net::ERR_SSL_PROTOCOL_ERROR @ https://mcs.zijieapi.com/webid?aid=3722&sdk_version=5.1.24_dy:0
[    4434ms] [ERROR] Failed to load resource: net::ERR_SSL_PROTOCOL_ERROR @ https://mcs.zijieapi.com/list:0
[    4494ms] [ERROR] The Content Security Policy directive 'upgrade-insecure-requests' is ignored when delivered in a report-only policy. @ https://lf-cdn-tos.bytescm.com/obj/rc-verifycenter/rmc-nocaptcha/1.0.0.17/setup.js:37
[    4647ms] [ERROR] The Content Security Policy directive 'upgrade-insecure-requests' is ignored when delivered in a report-only policy. @ https://lf-douyin-pc-web.douyinstatic.com/obj/douyin-pc-web/ies/douyin_web/player-9.5bce67d7.js:1
[    4647ms] [ERROR] The Content Security Policy directive 'upgrade-insecure-requests' is ignored when delivered in a report-only policy. @ https://lf-douyin-pc-web.douyinstatic.com/obj/douyin-pc-web/ies/douyin_web/player-9.5bce67d7.js:1
[    4654ms] [ERROR] The Content Security Policy directive 'upgrade-insecure-requests' is ignored when delivered in a report-only policy. @ https://lf-douyin-pc-web.douyinstatic.com/obj/douyin-pc-web/ies/douyin_web/player-9.5bce67d7.js:1
[    4683ms] [ERROR] Failed to load resource: net::ERR_SSL_PROTOCOL_ERROR @ https://mcs.zijieapi.com/list?aid=3722&sdk_version=5.1.24_dy:0
[    4842ms] [ERROR] Failed to load resource: net::ERR_SSL_PROTOCOL_ERROR @ https://mcs.zijieapi.com/list?aid=3722&sdk_version=5.1.24_dy:0
[    4903ms] [ERROR] Failed to load resource: net::ERR_SSL_PROTOCOL_ERROR @ https://mcs.zijieapi.com/list?aid=6383&sdk_version=5.1.24_dy:0
[    5018ms] [ERROR] Failed to load resource: net::ERR_SSL_PROTOCOL_ERROR @ https://mcs.zijieapi.com/list?aid=6383&sdk_version=5.1.24_dy:0
[    5018ms] [ERROR] Failed to load resource: net::ERR_SSL_PROTOCOL_ERROR @ https://mcs.zijieapi.com/list?aid=6383&sdk_version=5.1.24_dy:0
[    5019ms] [ERROR] Failed to load resource: net::ERR_SSL_PROTOCOL_ERROR @ https://mcs.zijieapi.com/list?aid=6383&sdk_version=5.1.24_dy:0
[    5019ms] [ERROR] Failed to load resource: net::ERR_SSL_PROTOCOL_ERROR @ https://mcs.zijieapi.com/list?aid=6383&sdk_version=5.1.24_dy:0
[    5019ms] [ERROR] Failed to load resource: net::ERR_SSL_PROTOCOL_ERROR @ https://mcs.zijieapi.com/list?aid=6383&sdk_version=5.1.24_dy:0
[    5019ms] [ERROR] Failed to load resource: net::ERR_SSL_PROTOCOL_ERROR @ https://mcs.zijieapi.com/list?aid=6383&sdk_version=5.1.24_dy:0
[    5020ms] [ERROR] Failed to load resource: net::ERR_SSL_PROTOCOL_ERROR @ https://mcs.zijieapi.com/list?aid=6383&sdk_version=5.1.24_dy:0
[    5020ms] [ERROR] Failed to load resource: net::ERR_SSL_PROTOCOL_ERROR @ https://mcs.zijieapi.com/list?aid=6383&sdk_version=5.1.24_dy:0
[    5020ms] [ERROR] Failed to load resource: net::ERR_SSL_PROTOCOL_ERROR @ https://mcs.zijieapi.com/list?aid=6383&sdk_version=5.1.24_dy:0
[    5020ms] [ERROR] Failed to load resource: net::ERR_SSL_PROTOCOL_ERROR @ https://mcs.zijieapi.com/list?aid=6383&sdk_version=5.1.24_dy:0
[    5020ms] [ERROR] Failed to load resource: net::ERR_SSL_PROTOCOL_ERROR @ https://mcs.zijieapi.com/list?aid=6383&sdk_version=5.1.24_dy:0
[    5020ms] [ERROR] Failed to load resource: net::ERR_SSL_PROTOCOL_ERROR @ https://mcs.zijieapi.com/list?aid=6383&sdk_version=5.1.24_dy:0
[    5020ms] [ERROR] Failed to load resource: net::ERR_SSL_PROTOCOL_ERROR @ https://mcs.zijieapi.com/list?aid=6383&sdk_version=5.1.24_dy:0
[    5020ms] [ERROR] Failed to load resource: net::ERR_SSL_PROTOCOL_ERROR @ https://mcs.zijieapi.com/list?aid=6383&sdk_version=5.1.24_dy:0
[    5020ms] [ERROR] Failed to load resource: net::ERR_SSL_PROTOCOL_ERROR @ https://mcs.zijieapi.com/list?aid=6383&sdk_version=5.1.24_dy:0
[    5020ms] [ERROR] Failed to load resource: net::ERR_SSL_PROTOCOL_ERROR @ https://mcs.zijieapi.com/list?aid=6383&sdk_version=5.1.24_dy:0
[    5576ms] [ERROR] Failed to load resource: net::ERR_SSL_PROTOCOL_ERROR @ https://zz.bdstatic.com/linksubmit/push.js:0
[    5649ms] [ERROR] The Content Security Policy directive 'upgrade-insecure-requests' is ignored when delivered in a report-only policy. @ https://lf-douyin-pc-web.douyinstatic.com/obj/douyin-pc-web/ies/douyin_web/async/81708.1a4fea9d.js:1
[    5675ms] [ERROR] Failed to load resource: net::ERR_SSL_PROTOCOL_ERROR @ https://mcs.zijieapi.com/list?aid=6383&sdk_version=5.1.24_dy:0
[    5897ms] [ERROR] Failed to load resource: net::ERR_SSL_PROTOCOL_ERROR @ https://mon.zijieapi.com/monitor_web/settings/browser-settings?bid=verify_center_cn&store=1:0
[    5907ms] [ERROR] Failed to launch 'bitbrowser://cc/' because the scheme does not have a registered handler. @ https://www.douyin.com/video/7637946752192457334:0
[    5913ms] [ERROR] The Content Security Policy directive 'upgrade-insecure-requests' is ignored when delivered in a report-only policy. @ https://lf-rc1.yhgfb-cn-static.com/obj/rc-verifycenter/verifycenter/1.0.0.306/index.js:0
[    5914ms] [ERROR] The Content Security Policy directive 'upgrade-insecure-requests' is ignored when delivered in a report-only policy. @ https://lf-rc1.yhgfb-cn-static.com/obj/rc-verifycenter/verifycenter/1.0.0.306/index.js:0
[    5918ms] [LOG] bytedance://disable_swipe @ https://lf-rc1.yhgfb-cn-static.com/obj/rc-verifycenter/verifycenter/1.0.0.306/index.js:0
[    6041ms] [ERROR] Failed to load resource: net::ERR_SSL_PROTOCOL_ERROR @ https://mssdk.bytedance.com/web/r/token?ms_appid=6383:0
[    6127ms] [ERROR] Failed to load resource: net::ERR_SSL_PROTOCOL_ERROR @ https://mcs.zijieapi.com/list?aid=6383&sdk_version=5.1.24_dy:0
[    6175ms] [ERROR] Failed to load resource: net::ERR_SSL_PROTOCOL_ERROR @ https://mcs.zijieapi.com/webid:0
[    6201ms] [ERROR] Failed to load resource: net::ERR_SSL_PROTOCOL_ERROR @ https://mcs.zijieapi.com/list:0
[    6209ms] [ERROR] Failed to load resource: net::ERR_SSL_PROTOCOL_ERROR @ https://mcs.zijieapi.com/list:0
[    6231ms] [ERROR] Failed to load resource: net::ERR_SSL_PROTOCOL_ERROR @ https://mcs.zijieapi.com/list:0
[    6267ms] [ERROR] Failed to load resource: net::ERR_SSL_PROTOCOL_ERROR @ https://mon.zijieapi.com/monitor_web/settings/browser-settings?bid=rmc_verifycenter&store=1:0
[    6397ms] [ERROR] Failed to load resource: net::ERR_SSL_PROTOCOL_ERROR @ https://mcs.zijieapi.com/webid?aid=7497&sdk_version=5.1.24_dy:0
[    6477ms] [ERROR] Failed to load resource: net::ERR_SSL_PROTOCOL_ERROR @ https://mon.zijieapi.com/monitor_browser/collect/batch/security/?bid=douyin_web:0
[    6483ms] [ERROR] Failed to load resource: net::ERR_SSL_PROTOCOL_ERROR @ https://mon.zijieapi.com/monitor_web/settings/browser-settings?bid=uc_secure_sdk&store=1:0
[    6485ms] [ERROR] The Content Security Policy directive 'upgrade-insecure-requests' is ignored when delivered in a report-only policy. @ https://lf-douyin-pc-web.douyinstatic.com/obj/douyin-pc-web/ies/douyin_web/async/5498.f04a4d15.js:1
[    6489ms] [ERROR] Failed to load resource: net::ERR_SSL_PROTOCOL_ERROR @ https://mcs.zijieapi.com/list:0
[    6498ms] [ERROR] Failed to load resource: net::ERR_SSL_PROTOCOL_ERROR @ https://mcs.zijieapi.com/list?aid=7497&sdk_version=5.1.24_dy:0
[    6498ms] [ERROR] Failed to load resource: net::ERR_SSL_PROTOCOL_ERROR @ https://mcs.zijieapi.com/list?aid=7497&sdk_version=5.1.24_dy:0
[    6501ms] [ERROR] Failed to load resource: net::ERR_SSL_PROTOCOL_ERROR @ https://mcs.zijieapi.com/list:0
[    6710ms] [ERROR] Failed to load resource: net::ERR_SSL_PROTOCOL_ERROR @ https://mon.zijieapi.com/monitor_web/settings/browser-settings?bid=douyin_login_new&store=1:0
[    6818ms] [ERROR] Failed to load resource: net::ERR_SSL_PROTOCOL_ERROR @ https://mcs.zijieapi.com/list?aid=6383&sdk_version=5.1.24_dy:0
[    6842ms] [ERROR] Failed to load resource: net::ERR_SSL_PROTOCOL_ERROR @ https://mcs.zijieapi.com/list:0
[    6842ms] [ERROR] Failed to load resource: net::ERR_SSL_PROTOCOL_ERROR @ https://mcs.zijieapi.com/list?aid=6383&sdk_version=5.1.24_dy:0
[    6851ms] [ERROR] The Content Security Policy directive 'upgrade-insecure-requests' is ignored when delivered in a report-only policy. @ https://lf-douyin-pc-web.douyinstatic.com/obj/douyin-pc-web/ies/douyin_web/async/81708.1a4fea9d.js:1
[    6852ms] [ERROR] The Content Security Policy directive 'upgrade-insecure-requests' is ignored when delivered in a report-only policy. @ https://lf-douyin-pc-web.douyinstatic.com/obj/douyin-pc-web/ies/douyin_web/async/81708.1a4fea9d.js:1
[    6856ms] [ERROR] The Content Security Policy directive 'upgrade-insecure-requests' is ignored when delivered in a report-only policy. @ https://lf-douyin-pc-web.douyinstatic.com/obj/douyin-pc-web/ies/douyin_web/async/81708.1a4fea9d.js:1
[    6877ms] [LOG] /./ @ https://lf-rc1.yhgfb-cn-static.com/obj/rc-verifycenter/rmc-captcha/1.0.0.759/captcha.js:0
[    6889ms] [LOG] JSHandle@node @ https://lf-rc1.yhgfb-cn-static.com/obj/rc-verifycenter/rmc-captcha/1.0.0.759/captcha.js:0
[    6890ms] [LOG] Tue May 12 2026 01:49:40 GMT+0800 (中国标准时间) @ https://lf-rc1.yhgfb-cn-static.com/obj/rc-verifycenter/rmc-captcha/1.0.0.759/captcha.js:0
[    6892ms] [LOG] function(){return Fy(n,i,this,arguments,0,e)} @ https://lf-rc1.yhgfb-cn-static.com/obj/rc-verifycenter/rmc-captcha/1.0.0.759/captcha.js:0
[    6893ms] [TABLE] [Object, Object, Object, Object, Object, Object, Object, Object, Object, Object, Object, Object, Object, Object, Object, Object, Object, Object, Object, Object, Object, Object, Object, Object, Object, Object, Object, Object, Object, Object, Object, Object, Object, Object, Object, Object, Object, Object, Object, Object, Object, Object, Object, Object, Object, Object, Object, Object, Object, Object] @ https://lf-rc1.yhgfb-cn-static.com/obj/rc-verifycenter/rmc-captcha/1.0.0.759/captcha.js:0
[    7011ms] [LOG] [Object, Object, Object, Object, Object, Object, Object, Object, Object, Object, Object, Object, Object, Object, Object, Object, Object, Object, Object, Object, Object, Object, Object, Object, Object, Object, Object, Object, Object, Object, Object, Object, Object, Object, Object, Object, Object, Object, Object, Object, Object, Object, Object, Object, Object, Object, Object, Object, Object, Object] @ https://lf-rc1.yhgfb-cn-static.com/obj/rc-verifycenter/rmc-captcha/1.0.0.759/captcha.js:0
[    7220ms] [ERROR] Failed to load resource: net::ERR_SSL_PROTOCOL_ERROR @ https://mcs.zijieapi.com/list:0
[    7329ms] [ERROR] Failed to load resource: net::ERR_SSL_PROTOCOL_ERROR @ https://mcs.zijieapi.com/list?aid=6383&sdk_version=5.1.24_dy:0
[    7415ms] [ERROR] The Content Security Policy directive 'upgrade-insecure-requests' is ignored when delivered in a report-only policy. @ https://lf-douyin-pc-web.douyinstatic.com/obj/douyin-pc-web/ies/douyin_web/7528.db2dc206.js:1
[    7416ms] [ERROR] The Content Security Policy directive 'upgrade-insecure-requests' is ignored when delivered in a report-only policy. @ https://lf-douyin-pc-web.douyinstatic.com/obj/douyin-pc-web/ies/douyin_web/7528.db2dc206.js:1
[    7421ms] [ERROR] The Content Security Policy directive 'upgrade-insecure-requests' is ignored when delivered in a report-only policy. @ https://lf-douyin-pc-web.douyinstatic.com/obj/douyin-pc-web/ies/douyin_web/7528.db2dc206.js:1
[    7589ms] [ERROR] Failed to load resource: net::ERR_SSL_PROTOCOL_ERROR @ https://mcs.zijieapi.com/list:0
[    7606ms] [ERROR] Failed to load resource: net::ERR_SSL_PROTOCOL_ERROR @ https://mcs.zijieapi.com/list?aid=6383&sdk_version=5.1.24_dy:0
[    7673ms] [ERROR] The Content Security Policy directive 'upgrade-insecure-requests' is ignored when delivered in a report-only policy. @ :2
[    7674ms] [ERROR] The Content Security Policy directive 'upgrade-insecure-requests' is ignored when delivered in a report-only policy. @ :2
[    7680ms] [ERROR] The Content Security Policy directive 'upgrade-insecure-requests' is ignored when delivered in a report-only policy. @ :2
[    7726ms] [WARNING] WARNING: Too many active WebGL contexts. Oldest context will be lost. @ :2
[    7735ms] [WARNING] WARNING: Too many active WebGL contexts. Oldest context will be lost. @ :2
[    7745ms] [WARNING] WARNING: Too many active WebGL contexts. Oldest context will be lost. @ :2
[    7803ms] [LOG] [c0] @ :2
[    7969ms] [ERROR] Failed to load resource: net::ERR_SSL_PROTOCOL_ERROR @ https://mcs.zijieapi.com/list:0
[    8061ms] [ERROR] Failed to load resource: net::ERR_SSL_PROTOCOL_ERROR @ https://mcs.zijieapi.com/list:0
[    8337ms] [ERROR] Failed to load resource: net::ERR_SSL_PROTOCOL_ERROR @ https://mcs.zijieapi.com/list:0
[    8480ms] [ERROR] Failed to load resource: net::ERR_SSL_PROTOCOL_ERROR @ https://mon.zijieapi.com/monitor_browser/collect/batch/security/?bid=douyin_web:0
[    8508ms] [ERROR] Failed to load resource: net::ERR_SSL_PROTOCOL_ERROR @ https://mcs.zijieapi.com/list:0
[    8521ms] [ERROR] Failed to load resource: net::ERR_SSL_PROTOCOL_ERROR @ https://mssdk.bytedance.com/web/r/token?ms_appid=2385:0
[    8710ms] [ERROR] Failed to load resource: net::ERR_SSL_PROTOCOL_ERROR @ https://mcs.zijieapi.com/list:0
[    8969ms] [ERROR] Failed to load resource: net::ERR_SSL_PROTOCOL_ERROR @ https://mcs.zijieapi.com/list?aid=6383&sdk_version=5.1.24_dy:0
[    9637ms] [ERROR] Failed to load resource: net::ERR_SSL_PROTOCOL_ERROR @ https://mcs.zijieapi.com/list?aid=6383&sdk_version=5.1.24_dy:0
[   10904ms] [ERROR] Failed to load resource: net::ERR_SSL_PROTOCOL_ERROR @ https://mcs.zijieapi.com/list?aid=6383&sdk_version=5.1.24_dy:0
[   11186ms] [ERROR] The Content Security Policy directive 'upgrade-insecure-requests' is ignored when delivered in a report-only policy. @ https://www.douyin.com/jingxuan?previous_page=web_video_404_link:0
[   11228ms] [LOG] init slardar @ https://www.douyin.com/jingxuan?previous_page=web_video_404_link:21
[   11229ms] [LOG] init slardar success @ https://www.douyin.com/jingxuan?previous_page=web_video_404_link:101
[   11312ms] [ERROR] Failed to load resource: net::ERR_SSL_PROTOCOL_ERROR @ https://mon.zijieapi.com/monitor_web/settings/browser-settings?bid=douyin_web&store=1:0
[   11497ms] [ERROR] Failed to load resource: net::ERR_SSL_PROTOCOL_ERROR @ https://mon.zijieapi.com/monitor_web/settings/browser-settings?bid=verify_center_cn&store=1:0
[   12201ms] [WARNING] [SDK] 1778521785383        0 already inited @ https://lf3-short.ibytedapm.com/slardar/fe/sdk-web/browser.cn.js?bid=douyin_web&globalName=Slardar:0
[   12948ms] [ERROR] Failed to load resource: net::ERR_SSL_PROTOCOL_ERROR @ https://mcs.zijieapi.com/list:0
[   13426ms] [ERROR] Failed to load resource: net::ERR_SSL_PROTOCOL_ERROR @ https://mcs.zijieapi.com/list?aid=3722&sdk_version=5.1.24_dy:0
[   13555ms] [ERROR] Failed to load resource: net::ERR_SSL_PROTOCOL_ERROR @ https://mcs.zijieapi.com/list?aid=3722&sdk_version=5.1.24_dy:0
[   13627ms] [ERROR] Failed to load resource: net::ERR_SSL_PROTOCOL_ERROR @ https://mcs.zijieapi.com/list?aid=6383&sdk_version=5.1.24_dy:0
[   13698ms] [ERROR] Failed to load resource: net::ERR_SSL_PROTOCOL_ERROR @ https://mon.zijieapi.com/monitor_browser/collect/batch/security/?bid=douyin_web:0
[   13701ms] [ERROR] Failed to load resource: net::ERR_SSL_PROTOCOL_ERROR @ https://mcs.zijieapi.com/list?aid=6383&sdk_version=5.1.24_dy:0
[   13701ms] [ERROR] Failed to load resource: net::ERR_SSL_PROTOCOL_ERROR @ https://mcs.zijieapi.com/list?aid=6383&sdk_version=5.1.24_dy:0
[   13701ms] [ERROR] Failed to load resource: net::ERR_SSL_PROTOCOL_ERROR @ https://mcs.zijieapi.com/list?aid=6383&sdk_version=5.1.24_dy:0
[   13702ms] [ERROR] Failed to load resource: net::ERR_SSL_PROTOCOL_ERROR @ https://mcs.zijieapi.com/list?aid=6383&sdk_version=5.1.24_dy:0
[   13703ms] [ERROR] Failed to load resource: net::ERR_SSL_PROTOCOL_ERROR @ https://mcs.zijieapi.com/list?aid=6383&sdk_version=5.1.24_dy:0
[   13703ms] [ERROR] Failed to load resource: net::ERR_SSL_PROTOCOL_ERROR @ https://mcs.zijieapi.com/list?aid=6383&sdk_version=5.1.24_dy:0
[   13703ms] [ERROR] Failed to load resource: net::ERR_SSL_PROTOCOL_ERROR @ https://mcs.zijieapi.com/list?aid=6383&sdk_version=5.1.24_dy:0
[   13704ms] [ERROR] Failed to load resource: net::ERR_SSL_PROTOCOL_ERROR @ https://mcs.zijieapi.com/list?aid=6383&sdk_version=5.1.24_dy:0
[   13704ms] [ERROR] Failed to load resource: net::ERR_SSL_PROTOCOL_ERROR @ https://mcs.zijieapi.com/list?aid=6383&sdk_version=5.1.24_dy:0
[   13704ms] [ERROR] Failed to load resource: net::ERR_SSL_PROTOCOL_ERROR @ https://mcs.zijieapi.com/list?aid=6383&sdk_version=5.1.24_dy:0
[   13704ms] [ERROR] Failed to load resource: net::ERR_SSL_PROTOCOL_ERROR @ https://mcs.zijieapi.com/list?aid=6383&sdk_version=5.1.24_dy:0
[   13704ms] [ERROR] Failed to load resource: net::ERR_SSL_PROTOCOL_ERROR @ https://mcs.zijieapi.com/list?aid=6383&sdk_version=5.1.24_dy:0
[   13705ms] [ERROR] Failed to load resource: net::ERR_SSL_PROTOCOL_ERROR @ https://mcs.zijieapi.com/list?aid=6383&sdk_version=5.1.24_dy:0
[   13705ms] [ERROR] Failed to load resource: net::ERR_SSL_PROTOCOL_ERROR @ https://mcs.zijieapi.com/list?aid=6383&sdk_version=5.1.24_dy:0
[   13705ms] [ERROR] Failed to load resource: net::ERR_SSL_PROTOCOL_ERROR @ https://mcs.zijieapi.com/list?aid=6383&sdk_version=5.1.24_dy:0
[   13705ms] [ERROR] Failed to load resource: net::ERR_SSL_PROTOCOL_ERROR @ https://mcs.zijieapi.com/list?aid=6383&sdk_version=5.1.24_dy:0
[   13787ms] [ERROR] The Content Security Policy directive 'upgrade-insecure-requests' is ignored when delivered in a report-only policy. @ https://lf-cdn-tos.bytescm.com/obj/rc-verifycenter/rmc-nocaptcha/1.0.0.17/setup.js:37
[   13977ms] [ERROR] Failed to load resource: net::ERR_SSL_PROTOCOL_ERROR @ https://mcs.zijieapi.com/list?aid=6383&sdk_version=5.1.24_dy:0
[   14283ms] [ERROR] Failed to load resource: net::ERR_SSL_PROTOCOL_ERROR @ https://mcs.zijieapi.com/list?aid=6383&sdk_version=5.1.24_dy:0
[   14347ms] [ERROR] Failed to load resource: net::ERR_SSL_PROTOCOL_ERROR @ https://mon.zijieapi.com/monitor_web/settings/browser-settings?bid=uc_secure_sdk&store=1:0
[   14348ms] [ERROR] The Content Security Policy directive 'upgrade-insecure-requests' is ignored when delivered in a report-only policy. @ https://lf-douyin-pc-web.douyinstatic.com/obj/douyin-pc-web/ies/douyin_web/async/5498.f04a4d15.js:1
[   14414ms] [ERROR] Failed to load resource: net::ERR_SSL_PROTOCOL_ERROR @ https://mcs.zijieapi.com/list:0
[   14493ms] [ERROR] Failed to load resource: net::ERR_SSL_PROTOCOL_ERROR @ https://mon.zijieapi.com/monitor_web/settings/browser-settings?bid=douyin_login_new&store=1:0
[   14502ms] [ERROR] The Content Security Policy directive 'upgrade-insecure-requests' is ignored when delivered in a report-only policy. @ https://lf-douyin-pc-web.douyinstatic.com/obj/douyin-pc-web/ies/douyin_web/async/81708.1a4fea9d.js:1
[   14619ms] [ERROR] Failed to load resource: net::ERR_SSL_PROTOCOL_ERROR @ https://mon.zijieapi.com/monitor_web/settings/browser-settings?bid=verify_center_cn&store=1:0
[   14620ms] [ERROR] Failed to load resource: net::ERR_SSL_PROTOCOL_ERROR @ https://mcs.zijieapi.com/list:0
[   14622ms] [ERROR] Not allowed to launch 'bitbrowser://cc/' because a user gesture is required. @ https://www.douyin.com/jingxuan:0
[   14637ms] [ERROR] Failed to load resource: net::ERR_SSL_PROTOCOL_ERROR @ https://mcs.zijieapi.com/list:0
[   14683ms] [ERROR] Failed to load resource: net::ERR_SSL_PROTOCOL_ERROR @ https://mssdk.bytedance.com/web/r/token?ms_appid=6383:0
[   14744ms] [ERROR] Failed to load resource: net::ERR_SSL_PROTOCOL_ERROR @ https://mcs.zijieapi.com/list?aid=6383&sdk_version=5.1.24_dy:0
[   14849ms] [ERROR] Failed to load resource: net::ERR_SSL_PROTOCOL_ERROR @ https://mcs.zijieapi.com/list?aid=6383&sdk_version=5.1.24_dy:0
[   15149ms] [ERROR] Failed to load resource: net::ERR_SSL_PROTOCOL_ERROR @ https://mcs.zijieapi.com/list?aid=6383&sdk_version=5.1.24_dy:0
[   15244ms] [ERROR] Failed to load resource: net::ERR_SSL_PROTOCOL_ERROR @ https://mcs.zijieapi.com/list?aid=7497&sdk_version=5.1.24_dy:0
[   15253ms] [ERROR] Failed to load resource: net::ERR_SSL_PROTOCOL_ERROR @ https://mcs.zijieapi.com/list?aid=7497&sdk_version=5.1.24_dy:0
[   15281ms] [ERROR] Failed to load resource: net::ERR_SSL_PROTOCOL_ERROR @ https://mcs.zijieapi.com/list:0
[   15296ms] [ERROR] Failed to load resource: net::ERR_SSL_PROTOCOL_ERROR @ https://mcs.zijieapi.com/list?aid=6383&sdk_version=5.1.24_dy:0
[   15321ms] [LOG] [ Federation Runtime ] Version 18.3.0-canary-587ae49d7-20230720 from @demo/douyin-web of shared singleton module react does not satisfy the requirement of @revenue-wallet-fe/recharge-web which needs ^18.3.1) @ https://lf3-webcast.bytetos.com/obj/webcast-new/recharge_web_vmok/vmok-remote-entry.9a192be8.js:3
[   15321ms] [LOG] [ Federation Runtime ] Version 18.3.0-canary-587ae49d7-20230720 from @demo/douyin-web of shared singleton module react-dom does not satisfy the requirement of @revenue-wallet-fe/recharge-web which needs ^18.3.1) @ https://lf3-webcast.bytetos.com/obj/webcast-new/recharge_web_vmok/vmok-remote-entry.9a192be8.js:3
[   15379ms] [WARNING] Cannot assign to read only property 'call' of object '#<Object>' @ https://lf3-webcast.bytetos.com/obj/webcast-new/recharge_web_vmok/static/js/async/__federation_expose_data.783d5811.js:1
[   15384ms] [LOG] getRechargePackages requestParams {path: /webcast/diamond/, queryParams: Object} @ https://lf3-webcast.bytetos.com/obj/webcast-new/recharge_web_vmok/static/js/async/__federation_expose_data.783d5811.js:1
[   15402ms] [ERROR] Failed to load resource: net::ERR_SSL_PROTOCOL_ERROR @ https://mcs.zijieapi.com/list?aid=6383&sdk_version=5.1.24_dy:0
[   15772ms] [LOG] [prefetch] packageData [local]:  {packages: Array(7), extra: Object} @ https://lf3-webcast.bytetos.com/obj/webcast-new/recharge_web_vmok/static/js/async/__federation_expose_data.783d5811.js:1
[   16138ms] [ERROR] Failed to load resource: net::ERR_SSL_PROTOCOL_ERROR @ https://mcs.zijieapi.com/list?aid=6383&sdk_version=5.1.24_dy:0
[   16152ms] [ERROR] The Content Security Policy directive 'upgrade-insecure-requests' is ignored when delivered in a report-only policy. @ https://lf-douyin-pc-web.douyinstatic.com/obj/douyin-pc-web/ies/douyin_web/7528.db2dc206.js:1
[   16153ms] [ERROR] The Content Security Policy directive 'upgrade-insecure-requests' is ignored when delivered in a report-only policy. @ https://lf-douyin-pc-web.douyinstatic.com/obj/douyin-pc-web/ies/douyin_web/7528.db2dc206.js:1
[   16158ms] [ERROR] The Content Security Policy directive 'upgrade-insecure-requests' is ignored when delivered in a report-only policy. @ https://lf-douyin-pc-web.douyinstatic.com/obj/douyin-pc-web/ies/douyin_web/7528.db2dc206.js:1
[   16388ms] [ERROR] Failed to load resource: net::ERR_SSL_PROTOCOL_ERROR @ https://mcs.zijieapi.com/list?aid=6383&sdk_version=5.1.24_dy:0
[   17433ms] [ERROR] Failed to load resource: net::ERR_SSL_PROTOCOL_ERROR @ https://mon.zijieapi.com/monitor_browser/collect/batch/security/?bid=douyin_web:0
[   18156ms] [ERROR] Failed to load resource: net::ERR_SSL_PROTOCOL_ERROR @ https://mcs.zijieapi.com/list?aid=6383&sdk_version=5.1.24_dy:0
[   20088ms] [ERROR] Failed to load resource: net::ERR_SSL_PROTOCOL_ERROR @ https://mssdk.bytedance.com/web/r/token?ms_appid=6383:0
[   23755ms] [ERROR] Failed to load resource: net::ERR_SSL_PROTOCOL_ERROR @ https://mcs.zijieapi.com/list?aid=6383&sdk_version=5.1.24_dy:0
[   23757ms] [ERROR] Failed to load resource: net::ERR_SSL_PROTOCOL_ERROR @ https://mcs.zijieapi.com/list?aid=3722&sdk_version=5.1.24_dy:0
[   24057ms] [ERROR] Failed to load resource: net::ERR_SSL_PROTOCOL_ERROR @ https://mcs.zijieapi.com/list?aid=6383&sdk_version=5.1.24_dy:0
[   24057ms] [ERROR] Failed to load resource: net::ERR_SSL_PROTOCOL_ERROR @ https://mcs.zijieapi.com/list?aid=3722&sdk_version=5.1.24_dy:0
[   25150ms] [ERROR] Failed to load resource: net::ERR_SSL_PROTOCOL_ERROR @ https://mcs.zijieapi.com/list?aid=6383&sdk_version=5.1.24_dy:0
[   25150ms] [ERROR] Failed to load resource: net::ERR_SSL_PROTOCOL_ERROR @ https://mcs.zijieapi.com/list?aid=3722&sdk_version=5.1.24_dy:0
[   25798ms] [ERROR] Failed to load resource: net::ERR_SSL_PROTOCOL_ERROR @ https://mcs.zijieapi.com/list?aid=6383&sdk_version=5.1.24_dy:0
[   25799ms] [ERROR] Failed to load resource: net::ERR_SSL_PROTOCOL_ERROR @ https://mcs.zijieapi.com/list?aid=3722&sdk_version=5.1.24_dy:0
