[     244ms] [LOG] %c JSHandle@node @ https://www.douyin.com/video/7637937638381136369:0
[     860ms] [ERROR] The Content Security Policy directive 'upgrade-insecure-requests' is ignored when delivered in a report-only policy. @ https://www.douyin.com/video/7637937638381136369:0
[     874ms] [LOG] init slardar @ https://www.douyin.com/video/7637937638381136369:21
[     874ms] [LOG] init slardar success @ https://www.douyin.com/video/7637937638381136369:101
[    3339ms] [ERROR] Failed to load resource: net::ERR_SSL_PROTOCOL_ERROR @ https://mcs.zijieapi.com/webid?aid=6383&sdk_version=5.1.24_dy:0
[    3378ms] [ERROR] Failed to load resource: net::ERR_SSL_PROTOCOL_ERROR @ https://mon.zijieapi.com/monitor_web/settings/browser-settings?bid=douyin_web&store=1:0
[    3838ms] [ERROR] Failed to load resource: net::ERR_SSL_PROTOCOL_ERROR @ https://mon.zijieapi.com/monitor_web/settings/browser-settings?bid=verify_center_cn&store=1:0
[    4557ms] [WARNING] [SDK] 1778521654235        0 already inited @ https://lf3-short.ibytedapm.com/slardar/fe/sdk-web/browser.cn.js?bid=douyin_web&globalName=Slardar:0
[    4570ms] [ERROR] Failed to load resource: net::ERR_SSL_PROTOCOL_ERROR @ https://mcs.zijieapi.com/webid?aid=3722&sdk_version=5.1.24_dy:0
[    5001ms] [ERROR] The Content Security Policy directive 'upgrade-insecure-requests' is ignored when delivered in a report-only policy. @ https://lf-cdn-tos.bytescm.com/obj/rc-verifycenter/rmc-nocaptcha/1.0.0.17/setup.js:37
[    5426ms] [ERROR] Failed to load resource: net::ERR_SSL_PROTOCOL_ERROR @ https://mcs.zijieapi.com/list:0
[    5477ms] [ERROR] The Content Security Policy directive 'upgrade-insecure-requests' is ignored when delivered in a report-only policy. @ https://lf-douyin-pc-web.douyinstatic.com/obj/douyin-pc-web/ies/douyin_web/player-9.5bce67d7.js:1
[    5479ms] [ERROR] The Content Security Policy directive 'upgrade-insecure-requests' is ignored when delivered in a report-only policy. @ https://lf-douyin-pc-web.douyinstatic.com/obj/douyin-pc-web/ies/douyin_web/player-9.5bce67d7.js:1
[    5485ms] [ERROR] The Content Security Policy directive 'upgrade-insecure-requests' is ignored when delivered in a report-only policy. @ https://lf-douyin-pc-web.douyinstatic.com/obj/douyin-pc-web/ies/douyin_web/player-9.5bce67d7.js:1
[    5642ms] [ERROR] Failed to load resource: net::ERR_SSL_PROTOCOL_ERROR @ https://mcs.zijieapi.com/list?aid=3722&sdk_version=5.1.24_dy:0
[    5672ms] [ERROR] Failed to load resource: net::ERR_SSL_PROTOCOL_ERROR @ https://mcs.zijieapi.com/list?aid=3722&sdk_version=5.1.24_dy:0
[    5727ms] [ERROR] Failed to load resource: net::ERR_SSL_PROTOCOL_ERROR @ https://mcs.zijieapi.com/list?aid=6383&sdk_version=5.1.24_dy:0
[    5727ms] [ERROR] Failed to load resource: net::ERR_SSL_PROTOCOL_ERROR @ https://mcs.zijieapi.com/list?aid=6383&sdk_version=5.1.24_dy:0
[    5804ms] [ERROR] Failed to load resource: net::ERR_SSL_PROTOCOL_ERROR @ https://mcs.zijieapi.com/list?aid=6383&sdk_version=5.1.24_dy:0
[    5837ms] [ERROR] Failed to load resource: net::ERR_SSL_PROTOCOL_ERROR @ https://mcs.zijieapi.com/list?aid=6383&sdk_version=5.1.24_dy:0
[    5837ms] [ERROR] Failed to load resource: net::ERR_SSL_PROTOCOL_ERROR @ https://mcs.zijieapi.com/list?aid=6383&sdk_version=5.1.24_dy:0
[    5837ms] [ERROR] Failed to load resource: net::ERR_SSL_PROTOCOL_ERROR @ https://mcs.zijieapi.com/list?aid=6383&sdk_version=5.1.24_dy:0
[    5837ms] [ERROR] Failed to load resource: net::ERR_SSL_PROTOCOL_ERROR @ https://mcs.zijieapi.com/list?aid=6383&sdk_version=5.1.24_dy:0
[    5837ms] [ERROR] Failed to load resource: net::ERR_SSL_PROTOCOL_ERROR @ https://mcs.zijieapi.com/list?aid=6383&sdk_version=5.1.24_dy:0
[    5837ms] [ERROR] Failed to load resource: net::ERR_SSL_PROTOCOL_ERROR @ https://mcs.zijieapi.com/list?aid=6383&sdk_version=5.1.24_dy:0
[    5838ms] [ERROR] Failed to load resource: net::ERR_SSL_PROTOCOL_ERROR @ https://mcs.zijieapi.com/list?aid=6383&sdk_version=5.1.24_dy:0
[    5838ms] [ERROR] Failed to load resource: net::ERR_SSL_PROTOCOL_ERROR @ https://mcs.zijieapi.com/list?aid=6383&sdk_version=5.1.24_dy:0
[    5838ms] [ERROR] Failed to load resource: net::ERR_SSL_PROTOCOL_ERROR @ https://mcs.zijieapi.com/list?aid=6383&sdk_version=5.1.24_dy:0
[    5838ms] [ERROR] Failed to load resource: net::ERR_SSL_PROTOCOL_ERROR @ https://mcs.zijieapi.com/list?aid=6383&sdk_version=5.1.24_dy:0
[    5838ms] [ERROR] Failed to load resource: net::ERR_SSL_PROTOCOL_ERROR @ https://mcs.zijieapi.com/list?aid=6383&sdk_version=5.1.24_dy:0
[    5838ms] [ERROR] Failed to load resource: net::ERR_SSL_PROTOCOL_ERROR @ https://mcs.zijieapi.com/list?aid=6383&sdk_version=5.1.24_dy:0
[    5839ms] [ERROR] Failed to load resource: net::ERR_SSL_PROTOCOL_ERROR @ https://mcs.zijieapi.com/list?aid=6383&sdk_version=5.1.24_dy:0
[    6433ms] [WARNING] %c[xgplayer] color: #525252; background-color: yellow;  warn>>icons.[object Object] in config of plugin named [texttrack] is invalid @ https://lf-douyin-pc-web.douyinstatic.com/obj/douyin-pc-web/ies/douyin_web/22373.e5335cbb.js:1
[    6434ms] [WARNING] %c[xgplayer] color: #525252; background-color: yellow;  warn>>icons.[object Object] in config of plugin named [texttrack] is invalid @ https://lf-douyin-pc-web.douyinstatic.com/obj/douyin-pc-web/ies/douyin_web/22373.e5335cbb.js:1
[    6670ms] [ERROR] Failed to load resource: net::ERR_SSL_PROTOCOL_ERROR @ https://mcs.zijieapi.com/webid:0
[    6921ms] [ERROR] Failed to load resource: net::ERR_SSL_PROTOCOL_ERROR @ https://mcs.zijieapi.com/list:0
[    6957ms] [WARNING] %c[xgplayer] color: #525252; background-color: yellow;  >>>>playPromise.catch NotAllowedError @ https://lf-douyin-pc-web.douyinstatic.com/obj/douyin-pc-web/ies/douyin_web/libs/pre-build-xgplayer.6a3ae0d0.js:0
[    6975ms] [ERROR] Failed to load resource: net::ERR_SSL_PROTOCOL_ERROR @ https://mcs.zijieapi.com/list?aid=6383&sdk_version=5.1.24_dy:0
[    7056ms] [ERROR] Failed to load resource: net::ERR_SSL_PROTOCOL_ERROR @ https://mcs.zijieapi.com/list?aid=6383&sdk_version=5.1.24_dy:0
[    7227ms] [ERROR] Failed to load resource: net::ERR_SSL_PROTOCOL_ERROR @ https://mcs.zijieapi.com/list?aid=6383&sdk_version=5.1.24_dy:0
[    7865ms] [ERROR] Failed to load resource: net::ERR_SSL_PROTOCOL_ERROR @ https://mcs.zijieapi.com/list?aid=6383&sdk_version=5.1.24_dy:0
[    9642ms] [ERROR] Failed to load resource: net::ERR_SSL_PROTOCOL_ERROR @ https://zz.bdstatic.com/linksubmit/push.js:0
[    9840ms] [ERROR] Failed to load resource: net::ERR_SSL_PROTOCOL_ERROR @ https://mcs.zijieapi.com/webid:0
[    9841ms] [ERROR] Failed to load resource: net::ERR_SSL_PROTOCOL_ERROR @ https://mon.zijieapi.com/monitor_web/settings/browser-settings?bid=uc_secure_sdk&store=1:0
[    9842ms] [ERROR] The Content Security Policy directive 'upgrade-insecure-requests' is ignored when delivered in a report-only policy. @ https://lf-douyin-pc-web.douyinstatic.com/obj/douyin-pc-web/ies/douyin_web/async/5498.f04a4d15.js:1
[    9856ms] [ERROR] Failed to load resource: net::ERR_SSL_PROTOCOL_ERROR @ https://mcs.zijieapi.com/list:0
[    9868ms] [ERROR] Failed to load resource: net::ERR_SSL_PROTOCOL_ERROR @ https://mcs.zijieapi.com/list:0
[   10682ms] [ERROR] Failed to load resource: net::ERR_SSL_PROTOCOL_ERROR @ https://mcs.zijieapi.com/list:0
[   10717ms] [ERROR] Failed to load resource: net::ERR_SSL_PROTOCOL_ERROR @ https://mcs.zijieapi.com/list?aid=6383&sdk_version=5.1.24_dy:0
[   11038ms] [ERROR] Failed to load resource: net::ERR_SSL_PROTOCOL_ERROR @ https://mcs.zijieapi.com/webid?aid=7497&sdk_version=5.1.24_dy:0
[   11063ms] [ERROR] Failed to load resource: net::ERR_SSL_PROTOCOL_ERROR @ https://mcs.zijieapi.com/list?aid=7497&sdk_version=5.1.24_dy:0
[   11095ms] [ERROR] Failed to load resource: net::ERR_SSL_PROTOCOL_ERROR @ https://mcs.zijieapi.com/list?aid=7497&sdk_version=5.1.24_dy:0
[   11096ms] [ERROR] Failed to load resource: net::ERR_SSL_PROTOCOL_ERROR @ https://mcs.zijieapi.com/list?aid=6383&sdk_version=5.1.24_dy:0
[   11139ms] [ERROR] The Content Security Policy directive 'upgrade-insecure-requests' is ignored when delivered in a report-only policy. @ https://lf-douyin-pc-web.douyinstatic.com/obj/douyin-pc-web/ies/douyin_web/7528.db2dc206.js:1
[   11141ms] [ERROR] The Content Security Policy directive 'upgrade-insecure-requests' is ignored when delivered in a report-only policy. @ https://lf-douyin-pc-web.douyinstatic.com/obj/douyin-pc-web/ies/douyin_web/7528.db2dc206.js:1
[   11146ms] [ERROR] The Content Security Policy directive 'upgrade-insecure-requests' is ignored when delivered in a report-only policy. @ https://lf-douyin-pc-web.douyinstatic.com/obj/douyin-pc-web/ies/douyin_web/7528.db2dc206.js:1
[   11203ms] [ERROR] Failed to load resource: net::ERR_SSL_PROTOCOL_ERROR @ https://mcs.zijieapi.com/list?aid=6383&sdk_version=5.1.24_dy:0
[   11333ms] [ERROR] Failed to load resource: net::ERR_SSL_PROTOCOL_ERROR @ https://mcs.zijieapi.com/list:0
[   11372ms] [ERROR] Failed to load resource: net::ERR_SSL_PROTOCOL_ERROR @ https://mcs.zijieapi.com/list?aid=6383&sdk_version=5.1.24_dy:0
[   11612ms] [ERROR] Failed to load resource: net::ERR_SSL_PROTOCOL_ERROR @ https://mcs.zijieapi.com/list?aid=6383&sdk_version=5.1.24_dy:0
[   11844ms] [ERROR] Failed to load resource: net::ERR_SSL_PROTOCOL_ERROR @ https://mcs.zijieapi.com/list?aid=6383&sdk_version=5.1.24_dy:0
[   12033ms] [ERROR] Failed to load resource: net::ERR_SSL_PROTOCOL_ERROR @ https://mcs.zijieapi.com/list?aid=6383&sdk_version=5.1.24_dy:0
[   12315ms] [ERROR] Failed to load resource: net::ERR_SSL_PROTOCOL_ERROR @ https://mssdk.bytedance.com/web/r/token?ms_appid=6383:0
[   12380ms] [ERROR] Failed to load resource: net::ERR_SSL_PROTOCOL_ERROR @ https://mcs.zijieapi.com/list?aid=6383&sdk_version=5.1.24_dy:0
[   13278ms] [ERROR] Failed to load resource: net::ERR_SSL_PROTOCOL_ERROR @ https://mcs.zijieapi.com/list?aid=6383&sdk_version=5.1.24_dy:0
[   16001ms] [ERROR] Failed to load resource: net::ERR_SSL_PROTOCOL_ERROR @ https://mcs.zijieapi.com/list?aid=6383&sdk_version=5.1.24_dy:0
[   16002ms] [ERROR] Failed to load resource: net::ERR_SSL_PROTOCOL_ERROR @ https://mcs.zijieapi.com/list?aid=3722&sdk_version=5.1.24_dy:0
[   16448ms] [ERROR] Failed to load resource: net::ERR_SSL_PROTOCOL_ERROR @ https://mcs.zijieapi.com/list?aid=6383&sdk_version=5.1.24_dy:0
[   16448ms] [ERROR] Failed to load resource: net::ERR_SSL_PROTOCOL_ERROR @ https://mcs.zijieapi.com/list?aid=3722&sdk_version=5.1.24_dy:0
[   17656ms] [ERROR] Failed to load resource: net::ERR_SSL_PROTOCOL_ERROR @ https://mcs.zijieapi.com/list?aid=6383&sdk_version=5.1.24_dy:0
[   17657ms] [ERROR] Failed to load resource: net::ERR_SSL_PROTOCOL_ERROR @ https://mcs.zijieapi.com/list?aid=3722&sdk_version=5.1.24_dy:0
[   18393ms] [ERROR] Failed to load resource: net::ERR_SSL_PROTOCOL_ERROR @ https://mcs.zijieapi.com/list?aid=6383&sdk_version=5.1.24_dy:0
[   18393ms] [ERROR] Failed to load resource: net::ERR_SSL_PROTOCOL_ERROR @ https://mcs.zijieapi.com/list?aid=3722&sdk_version=5.1.24_dy:0
[   19513ms] [ERROR] Failed to load resource: net::ERR_SSL_PROTOCOL_ERROR @ https://mon.zijieapi.com/monitor_web/settings/browser-settings?bid=douyin_login_new&store=1:0
[   19817ms] [ERROR] The Content Security Policy directive 'upgrade-insecure-requests' is ignored when delivered in a report-only policy. @ https://lf-douyin-pc-web.douyinstatic.com/obj/douyin-pc-web/ies/douyin_web/async/81708.1a4fea9d.js:1
[   19851ms] [ERROR] Failed to load resource: net::ERR_SSL_PROTOCOL_ERROR @ https://mon.zijieapi.com/monitor_web/settings/browser-settings?bid=verify_center_cn&store=1:0
[   19857ms] [ERROR] Failed to launch 'bitbrowser://cc/' because the scheme does not have a registered handler. @ https://www.douyin.com/video/7637937638381136369:0
[   19904ms] [ERROR] Failed to load resource: net::ERR_SSL_PROTOCOL_ERROR @ https://mcs.zijieapi.com/list?aid=6383&sdk_version=5.1.24_dy:0
[   19960ms] [ERROR] Failed to load resource: net::ERR_SSL_PROTOCOL_ERROR @ https://mcs.zijieapi.com/list?aid=6383&sdk_version=5.1.24_dy:0
[   20124ms] [ERROR] Failed to load resource: net::ERR_SSL_PROTOCOL_ERROR @ https://mcs.zijieapi.com/list?aid=6383&sdk_version=5.1.24_dy:0
[   20531ms] [ERROR] Failed to load resource: net::ERR_SSL_PROTOCOL_ERROR @ https://mcs.zijieapi.com/list?aid=6383&sdk_version=5.1.24_dy:0
[   20630ms] [ERROR] Failed to load resource: net::ERR_SSL_PROTOCOL_ERROR @ https://mon.zijieapi.com/monitor_browser/collect/batch/security/?bid=douyin_web:0
[   20861ms] [ERROR] Failed to load resource: net::ERR_SSL_PROTOCOL_ERROR @ https://mon.zijieapi.com/monitor_browser/collect/batch/security/?bid=douyin_web:0
[   20861ms] [ERROR] Failed to load resource: net::ERR_SSL_PROTOCOL_ERROR @ https://mon.zijieapi.com/monitor_browser/collect/batch/security/?bid=douyin_web:0
[   20976ms] [ERROR] Failed to load resource: net::ERR_SSL_PROTOCOL_ERROR @ https://mssdk.bytedance.com/web/common?ms_appid=6383:0
[   22641ms] [ERROR] Failed to load resource: net::ERR_SSL_PROTOCOL_ERROR @ https://mon.zijieapi.com/monitor_browser/collect/batch/security/?bid=douyin_web:0
[   22756ms] [ERROR] The Content Security Policy directive 'upgrade-insecure-requests' is ignored when delivered in a report-only policy. @ https://lf-douyin-pc-web.douyinstatic.com/obj/douyin-pc-web/ies/douyin_web/async/81708.1a4fea9d.js:1
[   22757ms] [ERROR] The Content Security Policy directive 'upgrade-insecure-requests' is ignored when delivered in a report-only policy. @ https://lf-douyin-pc-web.douyinstatic.com/obj/douyin-pc-web/ies/douyin_web/async/81708.1a4fea9d.js:1
[   22763ms] [ERROR] The Content Security Policy directive 'upgrade-insecure-requests' is ignored when delivered in a report-only policy. @ https://lf-douyin-pc-web.douyinstatic.com/obj/douyin-pc-web/ies/douyin_web/async/81708.1a4fea9d.js:1
[   23163ms] [LOG] [ Federation Runtime ] Version 18.3.0-canary-587ae49d7-20230720 from @demo/douyin-web of shared singleton module react does not satisfy the requirement of @revenue-wallet-fe/recharge-web which needs ^18.3.1) @ https://lf3-webcast.bytetos.com/obj/webcast-new/recharge_web_vmok/vmok-remote-entry.9a192be8.js:3
[   23163ms] [LOG] [ Federation Runtime ] Version 18.3.0-canary-587ae49d7-20230720 from @demo/douyin-web of shared singleton module react-dom does not satisfy the requirement of @revenue-wallet-fe/recharge-web which needs ^18.3.1) @ https://lf3-webcast.bytetos.com/obj/webcast-new/recharge_web_vmok/vmok-remote-entry.9a192be8.js:3
[   23164ms] [ERROR] Failed to load resource: net::ERR_SSL_PROTOCOL_ERROR @ https://mcs.zijieapi.com/list?aid=6383&sdk_version=5.1.24_dy:0
[   23265ms] [WARNING] Cannot assign to read only property 'call' of object '#<Object>' @ https://lf3-webcast.bytetos.com/obj/webcast-new/recharge_web_vmok/static/js/async/__federation_expose_data.783d5811.js:1
[   23271ms] [LOG] getRechargePackages requestParams {path: /webcast/diamond/, queryParams: Object} @ https://lf3-webcast.bytetos.com/obj/webcast-new/recharge_web_vmok/static/js/async/__federation_expose_data.783d5811.js:1
[   23367ms] [ERROR] The Content Security Policy directive 'upgrade-insecure-requests' is ignored when delivered in a report-only policy. @ :2
[   23369ms] [ERROR] The Content Security Policy directive 'upgrade-insecure-requests' is ignored when delivered in a report-only policy. @ :2
[   23375ms] [ERROR] The Content Security Policy directive 'upgrade-insecure-requests' is ignored when delivered in a report-only policy. @ :2
[   23539ms] [LOG] [prefetch] packageData [local]:  {packages: Array(7), extra: Object} @ https://lf3-webcast.bytetos.com/obj/webcast-new/recharge_web_vmok/static/js/async/__federation_expose_data.783d5811.js:1
[   23541ms] [LOG] [c0] @ :2
[   24984ms] [ERROR] Failed to load resource: net::ERR_SSL_PROTOCOL_ERROR @ https://mon.zijieapi.com/monitor_browser/collect/batch/security/?bid=douyin_web:0
[   25563ms] [ERROR] Failed to load resource: net::ERR_SSL_PROTOCOL_ERROR @ https://mcs.zijieapi.com/list?aid=6383&sdk_version=5.1.24_dy:0
[   27843ms] [ERROR] Failed to load resource: net::ERR_SSL_PROTOCOL_ERROR @ https://mcs.zijieapi.com/list?aid=6383&sdk_version=5.1.24_dy:0
[   27894ms] [ERROR] Failed to load resource: net::ERR_SSL_PROTOCOL_ERROR @ https://mcs.zijieapi.com/list?aid=6383&sdk_version=5.1.24_dy:0
