[     255ms] [LOG] %c JSHandle@node @ https://www.douyin.com/video/7637501246966402803:0
[    1000ms] [ERROR] The Content Security Policy directive 'upgrade-insecure-requests' is ignored when delivered in a report-only policy. @ https://www.douyin.com/video/7637501246966402803:0
[    1012ms] [LOG] init slardar @ https://www.douyin.com/video/7637501246966402803:21
[    1012ms] [LOG] init slardar success @ https://www.douyin.com/video/7637501246966402803:101
[    1515ms] [ERROR] Failed to load resource: net::ERR_SSL_PROTOCOL_ERROR @ https://mon.zijieapi.com/monitor_web/settings/browser-settings?bid=douyin_web&store=1:0
[    3274ms] [ERROR] Failed to load resource: net::ERR_SSL_PROTOCOL_ERROR @ https://mon.zijieapi.com/monitor_browser/collect/batch/security/?bid=douyin_web:0
[    3362ms] [ERROR] Failed to load resource: net::ERR_SSL_PROTOCOL_ERROR @ https://mcs.zijieapi.com/webid?aid=6383&sdk_version=5.1.24_dy:0
[    3633ms] [ERROR] Failed to load resource: net::ERR_SSL_PROTOCOL_ERROR @ https://mon.zijieapi.com/monitor_web/settings/browser-settings?bid=verify_center_cn&store=1:0
[    4389ms] [WARNING] [SDK] 1778568527699        0 already inited @ https://lf3-short.ibytedapm.com/slardar/fe/sdk-web/browser.cn.js?bid=douyin_web&globalName=Slardar:0
[    4403ms] [ERROR] Failed to load resource: net::ERR_SSL_PROTOCOL_ERROR @ https://mcs.zijieapi.com/webid?aid=3722&sdk_version=5.1.24_dy:0
[    4434ms] [ERROR] The Content Security Policy directive 'upgrade-insecure-requests' is ignored when delivered in a report-only policy. @ https://lf-cdn-tos.bytescm.com/obj/rc-verifycenter/rmc-nocaptcha/1.0.0.17/setup.js:37
[    5082ms] [ERROR] Failed to load resource: net::ERR_SSL_PROTOCOL_ERROR @ https://mcs.zijieapi.com/list:0
[    5123ms] [ERROR] The Content Security Policy directive 'upgrade-insecure-requests' is ignored when delivered in a report-only policy. @ https://lf-douyin-pc-web.douyinstatic.com/obj/douyin-pc-web/ies/douyin_web/player-9.5bce67d7.js:1
[    5124ms] [ERROR] The Content Security Policy directive 'upgrade-insecure-requests' is ignored when delivered in a report-only policy. @ https://lf-douyin-pc-web.douyinstatic.com/obj/douyin-pc-web/ies/douyin_web/player-9.5bce67d7.js:1
[    5131ms] [ERROR] The Content Security Policy directive 'upgrade-insecure-requests' is ignored when delivered in a report-only policy. @ https://lf-douyin-pc-web.douyinstatic.com/obj/douyin-pc-web/ies/douyin_web/player-9.5bce67d7.js:1
[    5416ms] [ERROR] Failed to load resource: net::ERR_SSL_PROTOCOL_ERROR @ https://mcs.zijieapi.com/list?aid=3722&sdk_version=5.1.24_dy:0
[    5491ms] [ERROR] Failed to load resource: net::ERR_SSL_PROTOCOL_ERROR @ https://mcs.zijieapi.com/list?aid=3722&sdk_version=5.1.24_dy:0
[    5558ms] [ERROR] Failed to load resource: net::ERR_SSL_PROTOCOL_ERROR @ https://mcs.zijieapi.com/list?aid=6383&sdk_version=5.1.24_dy:0
[    5644ms] [ERROR] Failed to load resource: net::ERR_SSL_PROTOCOL_ERROR @ https://mcs.zijieapi.com/list?aid=6383&sdk_version=5.1.24_dy:0
[    5644ms] [ERROR] Failed to load resource: net::ERR_SSL_PROTOCOL_ERROR @ https://mcs.zijieapi.com/list?aid=6383&sdk_version=5.1.24_dy:0
[    5645ms] [ERROR] Failed to load resource: net::ERR_SSL_PROTOCOL_ERROR @ https://mcs.zijieapi.com/list?aid=6383&sdk_version=5.1.24_dy:0
[    5645ms] [ERROR] Failed to load resource: net::ERR_SSL_PROTOCOL_ERROR @ https://mcs.zijieapi.com/list?aid=6383&sdk_version=5.1.24_dy:0
[    5646ms] [ERROR] Failed to load resource: net::ERR_SSL_PROTOCOL_ERROR @ https://mcs.zijieapi.com/list?aid=6383&sdk_version=5.1.24_dy:0
[    5646ms] [ERROR] Failed to load resource: net::ERR_SSL_PROTOCOL_ERROR @ https://mcs.zijieapi.com/list?aid=6383&sdk_version=5.1.24_dy:0
[    5646ms] [ERROR] Failed to load resource: net::ERR_SSL_PROTOCOL_ERROR @ https://mcs.zijieapi.com/list?aid=6383&sdk_version=5.1.24_dy:0
[    5646ms] [ERROR] Failed to load resource: net::ERR_SSL_PROTOCOL_ERROR @ https://mcs.zijieapi.com/list?aid=6383&sdk_version=5.1.24_dy:0
[    5646ms] [ERROR] Failed to load resource: net::ERR_SSL_PROTOCOL_ERROR @ https://mcs.zijieapi.com/list?aid=6383&sdk_version=5.1.24_dy:0
[    5647ms] [ERROR] Failed to load resource: net::ERR_SSL_PROTOCOL_ERROR @ https://mcs.zijieapi.com/list?aid=6383&sdk_version=5.1.24_dy:0
[    5647ms] [ERROR] Failed to load resource: net::ERR_SSL_PROTOCOL_ERROR @ https://mcs.zijieapi.com/list?aid=6383&sdk_version=5.1.24_dy:0
[    5647ms] [ERROR] Failed to load resource: net::ERR_SSL_PROTOCOL_ERROR @ https://mcs.zijieapi.com/list?aid=6383&sdk_version=5.1.24_dy:0
[    5647ms] [ERROR] Failed to load resource: net::ERR_SSL_PROTOCOL_ERROR @ https://mcs.zijieapi.com/list?aid=6383&sdk_version=5.1.24_dy:0
[    5647ms] [ERROR] Failed to load resource: net::ERR_SSL_PROTOCOL_ERROR @ https://mcs.zijieapi.com/list?aid=6383&sdk_version=5.1.24_dy:0
[    5647ms] [ERROR] Failed to load resource: net::ERR_SSL_PROTOCOL_ERROR @ https://mcs.zijieapi.com/list?aid=6383&sdk_version=5.1.24_dy:0
[    5647ms] [ERROR] Failed to load resource: net::ERR_SSL_PROTOCOL_ERROR @ https://mcs.zijieapi.com/list?aid=6383&sdk_version=5.1.24_dy:0
[    6256ms] [ERROR] Failed to load resource: net::ERR_SSL_PROTOCOL_ERROR @ https://mcs.zijieapi.com/list?aid=6383&sdk_version=5.1.24_dy:0
[    6592ms] [WARNING] %c[xgplayer] color: #525252; background-color: yellow;  warn>>icons.[object Object] in config of plugin named [texttrack] is invalid @ https://lf-douyin-pc-web.douyinstatic.com/obj/douyin-pc-web/ies/douyin_web/22373.e5335cbb.js:1
[    6593ms] [WARNING] %c[xgplayer] color: #525252; background-color: yellow;  warn>>icons.[object Object] in config of plugin named [texttrack] is invalid @ https://lf-douyin-pc-web.douyinstatic.com/obj/douyin-pc-web/ies/douyin_web/22373.e5335cbb.js:1
[    6642ms] [ERROR] Failed to load resource: net::ERR_SSL_PROTOCOL_ERROR @ https://zz.bdstatic.com/linksubmit/push.js:0
[    6694ms] [ERROR] The Content Security Policy directive 'upgrade-insecure-requests' is ignored when delivered in a report-only policy. @ https://lf-douyin-pc-web.douyinstatic.com/obj/douyin-pc-web/ies/douyin_web/async/81708.1a4fea9d.js:1
[    6876ms] [ERROR] The Content Security Policy directive 'upgrade-insecure-requests' is ignored when delivered in a report-only policy. @ https://www.douyin.com/note/7637501246966402803:0
[    6907ms] [ERROR] Failed to launch 'bitbrowser://cc/' because the scheme does not have a registered handler. @ https://www.douyin.com/note/7637501246966402803:0
[    6911ms] [LOG] init slardar @ https://www.douyin.com/note/7637501246966402803:21
[    6911ms] [LOG] init slardar success @ https://www.douyin.com/note/7637501246966402803:101
[    7108ms] [ERROR] Failed to load resource: net::ERR_SSL_PROTOCOL_ERROR @ https://mon.zijieapi.com/monitor_web/settings/browser-settings?bid=douyin_web&store=1:0
[    7131ms] [ERROR] Failed to load resource: net::ERR_SSL_PROTOCOL_ERROR @ https://mon.zijieapi.com/monitor_web/settings/browser-settings?bid=verify_center_cn&store=1:0
[    7893ms] [WARNING] [SDK] 1778568531203        0 already inited @ https://lf3-short.ibytedapm.com/slardar/fe/sdk-web/browser.cn.js?bid=douyin_web&globalName=Slardar:0
[    8587ms] [ERROR] Failed to load resource: net::ERR_SSL_PROTOCOL_ERROR @ https://mcs.zijieapi.com/list:0
[    8625ms] [ERROR] The Content Security Policy directive 'upgrade-insecure-requests' is ignored when delivered in a report-only policy. @ https://lf-douyin-pc-web.douyinstatic.com/obj/douyin-pc-web/ies/douyin_web/player-9.5bce67d7.js:1
[    8627ms] [ERROR] The Content Security Policy directive 'upgrade-insecure-requests' is ignored when delivered in a report-only policy. @ https://lf-douyin-pc-web.douyinstatic.com/obj/douyin-pc-web/ies/douyin_web/player-9.5bce67d7.js:1
[    8634ms] [ERROR] The Content Security Policy directive 'upgrade-insecure-requests' is ignored when delivered in a report-only policy. @ https://lf-douyin-pc-web.douyinstatic.com/obj/douyin-pc-web/ies/douyin_web/player-9.5bce67d7.js:1
[    8911ms] [ERROR] Failed to load resource: net::ERR_SSL_PROTOCOL_ERROR @ https://mcs.zijieapi.com/list?aid=3722&sdk_version=5.1.24_dy:0
[    9194ms] [WARNING] %c[xgplayer] color: #525252; background-color: yellow;  warn>>icons.[object Object] in config of plugin named [texttrack] is invalid @ https://lf-douyin-pc-web.douyinstatic.com/obj/douyin-pc-web/ies/douyin_web/22373.e5335cbb.js:1
[    9195ms] [WARNING] %c[xgplayer] color: #525252; background-color: yellow;  warn>>icons.[object Object] in config of plugin named [texttrack] is invalid @ https://lf-douyin-pc-web.douyinstatic.com/obj/douyin-pc-web/ies/douyin_web/22373.e5335cbb.js:1
[    9283ms] [ERROR] Failed to load resource: net::ERR_SSL_PROTOCOL_ERROR @ https://mcs.zijieapi.com/list?aid=3722&sdk_version=5.1.24_dy:0
[    9358ms] [ERROR] Failed to load resource: net::ERR_SSL_PROTOCOL_ERROR @ https://mcs.zijieapi.com/list?aid=6383&sdk_version=5.1.24_dy:0
[    9446ms] [ERROR] Failed to load resource: net::ERR_SSL_PROTOCOL_ERROR @ https://mcs.zijieapi.com/list?aid=6383&sdk_version=5.1.24_dy:0
[    9446ms] [ERROR] Failed to load resource: net::ERR_SSL_PROTOCOL_ERROR @ https://mcs.zijieapi.com/list?aid=6383&sdk_version=5.1.24_dy:0
[    9447ms] [ERROR] Failed to load resource: net::ERR_SSL_PROTOCOL_ERROR @ https://mcs.zijieapi.com/list?aid=6383&sdk_version=5.1.24_dy:0
[    9447ms] [ERROR] Failed to load resource: net::ERR_SSL_PROTOCOL_ERROR @ https://mcs.zijieapi.com/list?aid=6383&sdk_version=5.1.24_dy:0
[    9448ms] [ERROR] Failed to load resource: net::ERR_SSL_PROTOCOL_ERROR @ https://mcs.zijieapi.com/list?aid=6383&sdk_version=5.1.24_dy:0
[    9448ms] [ERROR] Failed to load resource: net::ERR_SSL_PROTOCOL_ERROR @ https://mcs.zijieapi.com/list?aid=6383&sdk_version=5.1.24_dy:0
[    9448ms] [ERROR] Failed to load resource: net::ERR_SSL_PROTOCOL_ERROR @ https://mcs.zijieapi.com/list?aid=6383&sdk_version=5.1.24_dy:0
[    9448ms] [ERROR] Failed to load resource: net::ERR_SSL_PROTOCOL_ERROR @ https://mcs.zijieapi.com/list?aid=6383&sdk_version=5.1.24_dy:0
[    9448ms] [ERROR] Failed to load resource: net::ERR_SSL_PROTOCOL_ERROR @ https://mcs.zijieapi.com/list?aid=6383&sdk_version=5.1.24_dy:0
[    9449ms] [ERROR] Failed to load resource: net::ERR_SSL_PROTOCOL_ERROR @ https://mcs.zijieapi.com/list?aid=6383&sdk_version=5.1.24_dy:0
[    9449ms] [ERROR] Failed to load resource: net::ERR_SSL_PROTOCOL_ERROR @ https://mcs.zijieapi.com/list?aid=6383&sdk_version=5.1.24_dy:0
[    9449ms] [ERROR] Failed to load resource: net::ERR_SSL_PROTOCOL_ERROR @ https://mcs.zijieapi.com/list?aid=6383&sdk_version=5.1.24_dy:0
[    9449ms] [ERROR] Failed to load resource: net::ERR_SSL_PROTOCOL_ERROR @ https://mcs.zijieapi.com/list?aid=6383&sdk_version=5.1.24_dy:0
[    9449ms] [ERROR] Failed to load resource: net::ERR_SSL_PROTOCOL_ERROR @ https://mcs.zijieapi.com/list?aid=6383&sdk_version=5.1.24_dy:0
[    9449ms] [ERROR] Failed to load resource: net::ERR_SSL_PROTOCOL_ERROR @ https://mcs.zijieapi.com/list?aid=6383&sdk_version=5.1.24_dy:0
[    9450ms] [ERROR] Failed to load resource: net::ERR_SSL_PROTOCOL_ERROR @ https://mcs.zijieapi.com/list?aid=6383&sdk_version=5.1.24_dy:0
[    9475ms] [ERROR] The Content Security Policy directive 'upgrade-insecure-requests' is ignored when delivered in a report-only policy. @ https://lf-cdn-tos.bytescm.com/obj/rc-verifycenter/rmc-nocaptcha/1.0.0.17/setup.js:37
[    9488ms] [ERROR] Failed to load resource: net::ERR_SSL_PROTOCOL_ERROR @ https://mon.zijieapi.com/monitor_browser/collect/batch/security/?bid=douyin_web:0
[    9609ms] [ERROR] Failed to load resource: net::ERR_SSL_PROTOCOL_ERROR @ https://mcs.zijieapi.com/list?aid=6383&sdk_version=5.1.24_dy:0
[   10192ms] [ERROR] Failed to load resource: net::ERR_SSL_PROTOCOL_ERROR @ https://mcs.zijieapi.com/webid:0
[   10231ms] [ERROR] Failed to load resource: net::ERR_SSL_PROTOCOL_ERROR @ https://mcs.zijieapi.com/list?aid=6383&sdk_version=5.1.24_dy:0
[   10265ms] [ERROR] The Content Security Policy directive 'upgrade-insecure-requests' is ignored when delivered in a report-only policy. @ https://lf-douyin-pc-web.douyinstatic.com/obj/douyin-pc-web/ies/douyin_web/async/81708.1a4fea9d.js:1
[   10315ms] [ERROR] Failed to load resource: net::ERR_SSL_PROTOCOL_ERROR @ https://mcs.zijieapi.com/list?aid=6383&sdk_version=5.1.24_dy:0
[   10567ms] [ERROR] Failed to load resource: net::ERR_SSL_PROTOCOL_ERROR @ https://mon.zijieapi.com/monitor_web/settings/browser-settings?bid=verify_center_cn&store=1:0
[   10568ms] [ERROR] Not allowed to launch 'bitbrowser://cc/' because a user gesture is required. @ https://www.douyin.com/note/7637501246966402803:0
[   10774ms] [ERROR] Failed to load resource: net::ERR_SSL_PROTOCOL_ERROR @ https://mssdk.bytedance.com/web/r/token?ms_appid=6383:0
[   10788ms] [ERROR] Failed to load resource: net::ERR_SSL_PROTOCOL_ERROR @ https://mon.zijieapi.com/monitor_web/settings/browser-settings?bid=uc_secure_sdk&store=1:0
[   10790ms] [ERROR] The Content Security Policy directive 'upgrade-insecure-requests' is ignored when delivered in a report-only policy. @ https://lf-douyin-pc-web.douyinstatic.com/obj/douyin-pc-web/ies/douyin_web/async/5498.f04a4d15.js:1
[   10820ms] [ERROR] Failed to load resource: net::ERR_SSL_PROTOCOL_ERROR @ https://mcs.zijieapi.com/list:0
[   10864ms] [ERROR] Failed to load resource: net::ERR_SSL_PROTOCOL_ERROR @ https://mcs.zijieapi.com/list?aid=6383&sdk_version=5.1.24_dy:0
[   10865ms] [ERROR] Failed to load resource: net::ERR_SSL_PROTOCOL_ERROR @ https://mcs.zijieapi.com/list:0
[   11190ms] [ERROR] Failed to load resource: net::ERR_SSL_PROTOCOL_ERROR @ https://mcs.zijieapi.com/list:0
[   11259ms] [ERROR] Failed to load resource: net::ERR_SSL_PROTOCOL_ERROR @ https://mcs.zijieapi.com/list?aid=6383&sdk_version=5.1.24_dy:0
[   11697ms] [LOG] [ Federation Runtime ] Version 18.3.0-canary-587ae49d7-20230720 from @demo/douyin-web of shared singleton module react does not satisfy the requirement of @revenue-wallet-fe/recharge-web which needs ^18.3.1) @ https://lf3-webcast.bytetos.com/obj/webcast-new/recharge_web_vmok/vmok-remote-entry.9a192be8.js:3
[   11698ms] [LOG] [ Federation Runtime ] Version 18.3.0-canary-587ae49d7-20230720 from @demo/douyin-web of shared singleton module react-dom does not satisfy the requirement of @revenue-wallet-fe/recharge-web which needs ^18.3.1) @ https://lf3-webcast.bytetos.com/obj/webcast-new/recharge_web_vmok/vmok-remote-entry.9a192be8.js:3
[   11872ms] [WARNING] Cannot assign to read only property 'call' of object '#<Object>' @ https://lf3-webcast.bytetos.com/obj/webcast-new/recharge_web_vmok/static/js/async/__federation_expose_data.783d5811.js:1
[   11880ms] [LOG] getRechargePackages requestParams {path: /webcast/diamond/, queryParams: Object} @ https://lf3-webcast.bytetos.com/obj/webcast-new/recharge_web_vmok/static/js/async/__federation_expose_data.783d5811.js:1
[   12218ms] [LOG] [prefetch] packageData [local]:  {packages: Array(7), extra: Object} @ https://lf3-webcast.bytetos.com/obj/webcast-new/recharge_web_vmok/static/js/async/__federation_expose_data.783d5811.js:1
[   12274ms] [ERROR] Failed to load resource: net::ERR_SSL_PROTOCOL_ERROR @ https://mcs.zijieapi.com/list?aid=6383&sdk_version=5.1.24_dy:0
[   12275ms] [ERROR] Failed to load resource: net::ERR_SSL_PROTOCOL_ERROR @ https://mon.zijieapi.com/monitor_web/settings/browser-settings?bid=douyin_login_new&store=1:0
[   12349ms] [ERROR] The Content Security Policy directive 'upgrade-insecure-requests' is ignored when delivered in a report-only policy. @ https://lf-douyin-pc-web.douyinstatic.com/obj/douyin-pc-web/ies/douyin_web/async/81708.1a4fea9d.js:1
[   12351ms] [ERROR] The Content Security Policy directive 'upgrade-insecure-requests' is ignored when delivered in a report-only policy. @ https://lf-douyin-pc-web.douyinstatic.com/obj/douyin-pc-web/ies/douyin_web/async/81708.1a4fea9d.js:1
[   12356ms] [ERROR] The Content Security Policy directive 'upgrade-insecure-requests' is ignored when delivered in a report-only policy. @ https://lf-douyin-pc-web.douyinstatic.com/obj/douyin-pc-web/ies/douyin_web/async/81708.1a4fea9d.js:1
[   12436ms] [ERROR] The Content Security Policy directive 'upgrade-insecure-requests' is ignored when delivered in a report-only policy. @ https://lf-douyin-pc-web.douyinstatic.com/obj/douyin-pc-web/ies/douyin_web/async/81708.1a4fea9d.js:1
[   12438ms] [ERROR] The Content Security Policy directive 'upgrade-insecure-requests' is ignored when delivered in a report-only policy. @ https://lf-douyin-pc-web.douyinstatic.com/obj/douyin-pc-web/ies/douyin_web/async/81708.1a4fea9d.js:1
[   12444ms] [ERROR] The Content Security Policy directive 'upgrade-insecure-requests' is ignored when delivered in a report-only policy. @ https://lf-douyin-pc-web.douyinstatic.com/obj/douyin-pc-web/ies/douyin_web/async/81708.1a4fea9d.js:1
[   12712ms] [ERROR] Failed to load resource: net::ERR_SSL_PROTOCOL_ERROR @ https://mcs.zijieapi.com/list?aid=6383&sdk_version=5.1.24_dy:0
[   12820ms] [ERROR] Failed to load resource: net::ERR_SSL_PROTOCOL_ERROR @ https://mcs.zijieapi.com/list:0
[   12821ms] [ERROR] Failed to load resource: net::ERR_SSL_PROTOCOL_ERROR @ https://mon.zijieapi.com/monitor_browser/collect/batch/security/?bid=douyin_web:0
[   12921ms] [ERROR] Failed to load resource: net::ERR_SSL_PROTOCOL_ERROR @ https://mcs.zijieapi.com/webid?aid=7497&sdk_version=5.1.24_dy:0
[   13054ms] [ERROR] The Content Security Policy directive 'upgrade-insecure-requests' is ignored when delivered in a report-only policy. @ :2
[   13057ms] [ERROR] The Content Security Policy directive 'upgrade-insecure-requests' is ignored when delivered in a report-only policy. @ :2
[   13080ms] [ERROR] Failed to load resource: net::ERR_SSL_PROTOCOL_ERROR @ https://mcs.zijieapi.com/list?aid=7497&sdk_version=5.1.24_dy:0
[   13095ms] [ERROR] The Content Security Policy directive 'upgrade-insecure-requests' is ignored when delivered in a report-only policy. @ :2
[   13097ms] [ERROR] The Content Security Policy directive 'upgrade-insecure-requests' is ignored when delivered in a report-only policy. @ :2
[   13103ms] [ERROR] The Content Security Policy directive 'upgrade-insecure-requests' is ignored when delivered in a report-only policy. @ :2
[   13148ms] [ERROR] The Content Security Policy directive 'upgrade-insecure-requests' is ignored when delivered in a report-only policy. @ :2
[   13157ms] [ERROR] Failed to load resource: net::ERR_SSL_PROTOCOL_ERROR @ https://mcs.zijieapi.com/list?aid=7497&sdk_version=5.1.24_dy:0
[   13431ms] [ERROR] Failed to load resource: net::ERR_SSL_PROTOCOL_ERROR @ https://mcs.zijieapi.com/list?aid=6383&sdk_version=5.1.24_dy:0
[   13685ms] [WARNING] WARNING: Too many active WebGL contexts. Oldest context will be lost. @ :2
[   13743ms] [WARNING] WARNING: Too many active WebGL contexts. Oldest context will be lost. @ :2
[   13794ms] [LOG] [c0] @ :2
[   13942ms] [WARNING] WARNING: Too many active WebGL contexts. Oldest context will be lost. @ :2
[   13958ms] [WARNING] WARNING: Too many active WebGL contexts. Oldest context will be lost. @ :2
[   13966ms] [WARNING] WARNING: Too many active WebGL contexts. Oldest context will be lost. @ :2
[   14013ms] [LOG] [c0] @ :2
[   14080ms] [ERROR] The Content Security Policy directive 'upgrade-insecure-requests' is ignored when delivered in a report-only policy. @ https://lf-douyin-pc-web.douyinstatic.com/obj/douyin-pc-web/ies/douyin_web/7528.db2dc206.js:1
[   14081ms] [ERROR] The Content Security Policy directive 'upgrade-insecure-requests' is ignored when delivered in a report-only policy. @ https://lf-douyin-pc-web.douyinstatic.com/obj/douyin-pc-web/ies/douyin_web/7528.db2dc206.js:1
[   14090ms] [ERROR] The Content Security Policy directive 'upgrade-insecure-requests' is ignored when delivered in a report-only policy. @ https://lf-douyin-pc-web.douyinstatic.com/obj/douyin-pc-web/ies/douyin_web/7528.db2dc206.js:1
[   14150ms] [ERROR] Failed to load resource: net::ERR_SSL_PROTOCOL_ERROR @ https://mcs.zijieapi.com/list?aid=6383&sdk_version=5.1.24_dy:0
[   14166ms] [WARNING] WARNING: Too many active WebGL contexts. Oldest context will be lost. @ https://lf-douyin-pc-web.douyinstatic.com/obj/douyin-pc-web/ies/douyin_web/7528.db2dc206.js:1
[   14266ms] [WARNING] WARNING: Too many active WebGL contexts. Oldest context will be lost. @ https://lf-douyin-pc-web.douyinstatic.com/obj/douyin-pc-web/ies/douyin_web/38229.6a49a1ce.js:1
[   14299ms] [WARNING] WARNING: Too many active WebGL contexts. Oldest context will be lost. @ https://lf-douyin-pc-web.douyinstatic.com/obj/douyin-pc-web/ies/douyin_web/38229.6a49a1ce.js:1
[   14328ms] [WARNING] WARNING: Too many active WebGL contexts. Oldest context will be lost. @ https://lf-douyin-pc-web.douyinstatic.com/obj/douyin-pc-web/ies/douyin_web/38229.6a49a1ce.js:1
[   14475ms] [ERROR] Failed to load resource: net::ERR_SSL_PROTOCOL_ERROR @ https://mcs.zijieapi.com/list?aid=6383&sdk_version=5.1.24_dy:0
[   14531ms] [ERROR] Failed to load resource: net::ERR_SSL_PROTOCOL_ERROR @ https://mcs.zijieapi.com/list?aid=6383&sdk_version=5.1.24_dy:0
[   15634ms] [WARNING] WARNING: Too many active WebGL contexts. Oldest context will be lost. @ https://p-pc-weboff.byteimg.com/tos-cn-i-9r5gewecjs/bdms_1.0.1.19_fix.js:1
[   15728ms] [ERROR] Failed to load resource: net::ERR_SSL_PROTOCOL_ERROR @ https://mssdk.bytedance.com/web/r/token?ms_appid=6383:0
[   15780ms] [ERROR] Failed to load resource: net::ERR_SSL_PROTOCOL_ERROR @ https://mcs.zijieapi.com/list?aid=6383&sdk_version=5.1.24_dy:0
[   16462ms] [ERROR] Failed to load resource: net::ERR_SSL_PROTOCOL_ERROR @ https://mon.zijieapi.com/monitor_browser/collect/batch/security/?bid=douyin_web:0
[   18979ms] [ERROR] Failed to load resource: net::ERR_SSL_PROTOCOL_ERROR @ https://mcs.zijieapi.com/list?aid=6383&sdk_version=5.1.24_dy:0
